[2025-06-04 10:38:54,795][datajoint][INFO] - Connecting ssuhai@172.25.240.200:3306
[2025-06-04 10:38:54,855][datajoint][INFO] - Connected ssuhai@172.25.240.200:3306
[2025-06-04 10:57:55,543][absl][WARNING] - Compiled the loaded model, but the compiled metrics have yet to be built. `model.compile_metrics` will be empty until you train or evaluate the model.
[2025-06-04 10:57:55,547][absl][WARNING] - Error in loading the saved optimizer state. As a result, your model is starting with a freshly initialized optimizer.
[2025-06-04 10:57:55,655][absl][WARNING] - Compiled the loaded model, but the compiled metrics have yet to be built. `model.compile_metrics` will be empty until you train or evaluate the model.
[2025-06-04 10:57:55,658][absl][WARNING] - Error in loading the saved optimizer state. As a result, your model is starting with a freshly initialized optimizer.
[2025-06-04 10:57:55,782][absl][WARNING] - Compiled the loaded model, but the compiled metrics have yet to be built. `model.compile_metrics` will be empty until you train or evaluate the model.
[2025-06-04 10:57:55,785][absl][WARNING] - Error in loading the saved optimizer state. As a result, your model is starting with a freshly initialized optimizer.
[2025-06-04 10:57:55,918][absl][WARNING] - Compiled the loaded model, but the compiled metrics have yet to be built. `model.compile_metrics` will be empty until you train or evaluate the model.
[2025-06-04 10:57:55,921][absl][WARNING] - Error in loading the saved optimizer state. As a result, your model is starting with a freshly initialized optimizer.
[2025-06-04 10:57:56,147][absl][WARNING] - Compiled the loaded model, but the compiled metrics have yet to be built. `model.compile_metrics` will be empty until you train or evaluate the model.
[2025-06-04 10:57:56,150][absl][WARNING] - Error in loading the saved optimizer state. As a result, your model is starting with a freshly initialized optimizer.
[2025-06-04 10:57:58,967][tensorflow][WARNING] - 5 out of the last 5 calls to <function TensorFlowTrainer.make_predict_function.<locals>.one_step_on_data_distributed at 0x7f6a4346f100> triggered tf.function retracing. Tracing is expensive and the excessive number of tracings could be due to (1) creating @tf.function repeatedly in a loop, (2) passing tensors with different shapes, (3) passing Python objects instead of tensors. For (1), please define your @tf.function outside of the loop. For (2), @tf.function has reduce_retracing=True option that can avoid unnecessary retracing. For (3), please refer to https://www.tensorflow.org/guide/function#controlling_retracing and https://www.tensorflow.org/api_docs/python/tf/function for  more details.
[2025-06-04 10:57:59,107][tensorflow][WARNING] - 6 out of the last 6 calls to <function TensorFlowTrainer.make_predict_function.<locals>.one_step_on_data_distributed at 0x7f6a4346f100> triggered tf.function retracing. Tracing is expensive and the excessive number of tracings could be due to (1) creating @tf.function repeatedly in a loop, (2) passing tensors with different shapes, (3) passing Python objects instead of tensors. For (1), please define your @tf.function outside of the loop. For (2), @tf.function has reduce_retracing=True option that can avoid unnecessary retracing. For (3), please refer to https://www.tensorflow.org/guide/function#controlling_retracing and https://www.tensorflow.org/api_docs/python/tf/function for  more details.
[2025-06-04 10:58:00,651][absl][WARNING] - Compiled the loaded model, but the compiled metrics have yet to be built. `model.compile_metrics` will be empty until you train or evaluate the model.
[2025-06-04 10:58:00,655][absl][WARNING] - Error in loading the saved optimizer state. As a result, your model is starting with a freshly initialized optimizer.
[2025-06-04 10:58:00,778][absl][WARNING] - Compiled the loaded model, but the compiled metrics have yet to be built. `model.compile_metrics` will be empty until you train or evaluate the model.
[2025-06-04 10:58:00,781][absl][WARNING] - Error in loading the saved optimizer state. As a result, your model is starting with a freshly initialized optimizer.
[2025-06-04 10:58:00,919][absl][WARNING] - Compiled the loaded model, but the compiled metrics have yet to be built. `model.compile_metrics` will be empty until you train or evaluate the model.
[2025-06-04 10:58:00,922][absl][WARNING] - Error in loading the saved optimizer state. As a result, your model is starting with a freshly initialized optimizer.
[2025-06-04 10:58:01,056][absl][WARNING] - Compiled the loaded model, but the compiled metrics have yet to be built. `model.compile_metrics` will be empty until you train or evaluate the model.
[2025-06-04 10:58:01,060][absl][WARNING] - Error in loading the saved optimizer state. As a result, your model is starting with a freshly initialized optimizer.
[2025-06-04 10:58:01,206][absl][WARNING] - Compiled the loaded model, but the compiled metrics have yet to be built. `model.compile_metrics` will be empty until you train or evaluate the model.
[2025-06-04 10:58:01,209][absl][WARNING] - Error in loading the saved optimizer state. As a result, your model is starting with a freshly initialized optimizer.
[2025-06-04 10:58:04,003][absl][WARNING] - Compiled the loaded model, but the compiled metrics have yet to be built. `model.compile_metrics` will be empty until you train or evaluate the model.
[2025-06-04 10:58:04,007][absl][WARNING] - Error in loading the saved optimizer state. As a result, your model is starting with a freshly initialized optimizer.
[2025-06-04 10:58:04,170][absl][WARNING] - Compiled the loaded model, but the compiled metrics have yet to be built. `model.compile_metrics` will be empty until you train or evaluate the model.
[2025-06-04 10:58:04,173][absl][WARNING] - Error in loading the saved optimizer state. As a result, your model is starting with a freshly initialized optimizer.
[2025-06-04 10:58:04,312][absl][WARNING] - Compiled the loaded model, but the compiled metrics have yet to be built. `model.compile_metrics` will be empty until you train or evaluate the model.
[2025-06-04 10:58:04,315][absl][WARNING] - Error in loading the saved optimizer state. As a result, your model is starting with a freshly initialized optimizer.
[2025-06-04 10:58:04,450][absl][WARNING] - Compiled the loaded model, but the compiled metrics have yet to be built. `model.compile_metrics` will be empty until you train or evaluate the model.
[2025-06-04 10:58:04,453][absl][WARNING] - Error in loading the saved optimizer state. As a result, your model is starting with a freshly initialized optimizer.
[2025-06-04 10:58:04,583][absl][WARNING] - Compiled the loaded model, but the compiled metrics have yet to be built. `model.compile_metrics` will be empty until you train or evaluate the model.
[2025-06-04 10:58:04,586][absl][WARNING] - Error in loading the saved optimizer state. As a result, your model is starting with a freshly initialized optimizer.
[2025-06-04 10:58:08,090][absl][WARNING] - Compiled the loaded model, but the compiled metrics have yet to be built. `model.compile_metrics` will be empty until you train or evaluate the model.
[2025-06-04 10:58:08,094][absl][WARNING] - Error in loading the saved optimizer state. As a result, your model is starting with a freshly initialized optimizer.
[2025-06-04 10:58:08,233][absl][WARNING] - Compiled the loaded model, but the compiled metrics have yet to be built. `model.compile_metrics` will be empty until you train or evaluate the model.
[2025-06-04 10:58:08,236][absl][WARNING] - Error in loading the saved optimizer state. As a result, your model is starting with a freshly initialized optimizer.
[2025-06-04 10:58:08,375][absl][WARNING] - Compiled the loaded model, but the compiled metrics have yet to be built. `model.compile_metrics` will be empty until you train or evaluate the model.
[2025-06-04 10:58:08,378][absl][WARNING] - Error in loading the saved optimizer state. As a result, your model is starting with a freshly initialized optimizer.
[2025-06-04 10:58:08,523][absl][WARNING] - Compiled the loaded model, but the compiled metrics have yet to be built. `model.compile_metrics` will be empty until you train or evaluate the model.
[2025-06-04 10:58:08,526][absl][WARNING] - Error in loading the saved optimizer state. As a result, your model is starting with a freshly initialized optimizer.
[2025-06-04 10:58:08,669][absl][WARNING] - Compiled the loaded model, but the compiled metrics have yet to be built. `model.compile_metrics` will be empty until you train or evaluate the model.
[2025-06-04 10:58:08,672][absl][WARNING] - Error in loading the saved optimizer state. As a result, your model is starting with a freshly initialized optimizer.
[2025-06-04 10:58:12,340][absl][WARNING] - Compiled the loaded model, but the compiled metrics have yet to be built. `model.compile_metrics` will be empty until you train or evaluate the model.
[2025-06-04 10:58:12,344][absl][WARNING] - Error in loading the saved optimizer state. As a result, your model is starting with a freshly initialized optimizer.
[2025-06-04 10:58:12,467][absl][WARNING] - Compiled the loaded model, but the compiled metrics have yet to be built. `model.compile_metrics` will be empty until you train or evaluate the model.
[2025-06-04 10:58:12,470][absl][WARNING] - Error in loading the saved optimizer state. As a result, your model is starting with a freshly initialized optimizer.
[2025-06-04 10:58:12,605][absl][WARNING] - Compiled the loaded model, but the compiled metrics have yet to be built. `model.compile_metrics` will be empty until you train or evaluate the model.
[2025-06-04 10:58:12,608][absl][WARNING] - Error in loading the saved optimizer state. As a result, your model is starting with a freshly initialized optimizer.
[2025-06-04 10:58:12,776][absl][WARNING] - Compiled the loaded model, but the compiled metrics have yet to be built. `model.compile_metrics` will be empty until you train or evaluate the model.
[2025-06-04 10:58:12,779][absl][WARNING] - Error in loading the saved optimizer state. As a result, your model is starting with a freshly initialized optimizer.
[2025-06-04 10:58:12,898][absl][WARNING] - Compiled the loaded model, but the compiled metrics have yet to be built. `model.compile_metrics` will be empty until you train or evaluate the model.
[2025-06-04 10:58:12,901][absl][WARNING] - Error in loading the saved optimizer state. As a result, your model is starting with a freshly initialized optimizer.
[2025-06-04 10:58:16,887][absl][WARNING] - Compiled the loaded model, but the compiled metrics have yet to be built. `model.compile_metrics` will be empty until you train or evaluate the model.
[2025-06-04 10:58:16,891][absl][WARNING] - Error in loading the saved optimizer state. As a result, your model is starting with a freshly initialized optimizer.
[2025-06-04 10:58:17,012][absl][WARNING] - Compiled the loaded model, but the compiled metrics have yet to be built. `model.compile_metrics` will be empty until you train or evaluate the model.
[2025-06-04 10:58:17,015][absl][WARNING] - Error in loading the saved optimizer state. As a result, your model is starting with a freshly initialized optimizer.
[2025-06-04 10:58:17,162][absl][WARNING] - Compiled the loaded model, but the compiled metrics have yet to be built. `model.compile_metrics` will be empty until you train or evaluate the model.
[2025-06-04 10:58:17,165][absl][WARNING] - Error in loading the saved optimizer state. As a result, your model is starting with a freshly initialized optimizer.
[2025-06-04 10:58:17,297][absl][WARNING] - Compiled the loaded model, but the compiled metrics have yet to be built. `model.compile_metrics` will be empty until you train or evaluate the model.
[2025-06-04 10:58:17,300][absl][WARNING] - Error in loading the saved optimizer state. As a result, your model is starting with a freshly initialized optimizer.
[2025-06-04 10:58:17,426][absl][WARNING] - Compiled the loaded model, but the compiled metrics have yet to be built. `model.compile_metrics` will be empty until you train or evaluate the model.
[2025-06-04 10:58:17,429][absl][WARNING] - Error in loading the saved optimizer state. As a result, your model is starting with a freshly initialized optimizer.
[2025-06-04 10:59:48,966][datajoint][INFO] - Deleting 12 rows from `ageuler_ssuhai_closed_loop`.`__field__stack_averages`
[2025-06-04 10:59:49,043][datajoint][INFO] - Deleting 4 rows from `ageuler_ssuhai_closed_loop`.`__presentation__scan_info`
[2025-06-04 10:59:49,094][datajoint][INFO] - Deleting 12 rows from `ageuler_ssuhai_closed_loop`.`__presentation__stack_averages`
[2025-06-04 10:59:49,267][datajoint][INFO] - Deleting 214 rows from `ageuler_ssuhai_closed_loop`.`__averages`
[2025-06-04 10:59:49,316][datajoint][INFO] - Deleting 107 rows from `ageuler_ssuhai_closed_loop`.`__chirp_q_i`
[2025-06-04 10:59:49,395][datajoint][INFO] - Deleting 107 rows from `ageuler_ssuhai_closed_loop`.`__os_ds_indexes`
[2025-06-04 10:59:49,435][datajoint][INFO] - Deleting 214 rows from `ageuler_ssuhai_closed_loop`.`__snippets`
[2025-06-04 10:59:49,485][datajoint][INFO] - Deleting 422 rows from `ageuler_ssuhai_closed_loop`.`__preprocess_traces`
[2025-06-04 10:59:49,586][datajoint][INFO] - Deleting 103 rows from `ageuler_ssuhai_closed_loop`.`__cascade_spikes`
[2025-06-04 10:59:49,622][datajoint][INFO] - Deleting 103 rows from `ageuler_ssuhai_closed_loop`.`__cascade_traces`
[2025-06-04 10:59:49,678][datajoint][INFO] - Deleting 422 rows from `ageuler_ssuhai_closed_loop`.`__traces`
[2025-06-04 10:59:49,728][datajoint][INFO] - Deleting 4 rows from `ageuler_ssuhai_closed_loop`.`roi_mask__roi_mask_presentation`
[2025-06-04 10:59:49,826][datajoint][INFO] - Deleting 422 rows from `ageuler_ssuhai_closed_loop`.`__roi`
[2025-06-04 10:59:49,852][datajoint][INFO] - Deleting 4 rows from `ageuler_ssuhai_closed_loop`.`roi_mask`
[2025-06-04 10:59:49,881][datajoint][INFO] - Deleting 4 rows from `ageuler_ssuhai_closed_loop`.`__presentation`
[2025-06-04 10:59:49,907][datajoint][INFO] - Deleting 4 rows from `ageuler_ssuhai_closed_loop`.`__field`
[2025-06-04 10:59:49,940][datajoint][INFO] - Deleting 1 rows from `ageuler_ssuhai_closed_loop`.`#raw_data_params`
[2025-06-04 10:59:50,007][datajoint][INFO] - Deleting 1 rows from `ageuler_ssuhai_closed_loop`.`__experiment__animal`
[2025-06-04 10:59:50,056][datajoint][INFO] - Deleting 1 rows from `ageuler_ssuhai_closed_loop`.`__experiment__exp_info`
[2025-06-04 10:59:50,106][datajoint][INFO] - Deleting 1 rows from `ageuler_ssuhai_closed_loop`.`__experiment__indicator`
[2025-06-04 10:59:50,153][datajoint][INFO] - Deleting 1 rows from `ageuler_ssuhai_closed_loop`.`__experiment__pharm_info`
[2025-06-04 10:59:50,179][datajoint][INFO] - Deleting 1 rows from `ageuler_ssuhai_closed_loop`.`__experiment`
[2025-06-04 10:59:50,205][datajoint][INFO] - Deleting 1 rows from `ageuler_ssuhai_closed_loop`.`user_info`
[2025-06-04 10:59:54,473][datajoint][INFO] - Deletes committed.
[2025-06-04 10:59:55,502][datajoint][INFO] - Deleting 0 rows from `ageuler_ssuhai_closed_loop`.`__experiment`
[2025-06-04 10:59:55,503][datajoint][WARNING] - Nothing to delete.
[2025-06-04 10:59:56,533][datajoint][INFO] - Deleting 0 rows from `ageuler_ssuhai_closed_loop`.`__field`
[2025-06-04 10:59:56,534][datajoint][WARNING] - Nothing to delete.
[2025-06-04 10:59:57,583][datajoint][INFO] - Deleting 6 rows from `ageuler_ssuhai_closed_loop`.`#preprocess_params`
[2025-06-04 10:59:57,627][datajoint][INFO] - Deleting 1 rows from `ageuler_ssuhai_closed_loop`.`#cascade_trace_params`
[2025-06-04 10:59:57,653][datajoint][INFO] - Deleting 6 rows from `ageuler_ssuhai_closed_loop`.`stimulus`
[2025-06-04 10:59:59,684][datajoint][INFO] - Deletes committed.
[2025-06-04 11:00:00,712][datajoint][INFO] - Deleting 0 rows from `ageuler_ssuhai_closed_loop`.`#raw_data_params`
[2025-06-04 11:00:00,712][datajoint][WARNING] - Nothing to delete.
[2025-06-04 11:00:01,742][datajoint][INFO] - Deleting 0 rows from `ageuler_ssuhai_closed_loop`.`#preprocess_params`
[2025-06-04 11:00:01,742][datajoint][WARNING] - Nothing to delete.
[2025-06-04 11:00:02,772][datajoint][INFO] - Deleting 0 rows from `ageuler_ssuhai_closed_loop`.`__snippets`
[2025-06-04 11:00:02,772][datajoint][WARNING] - Nothing to delete.
[2025-06-04 11:00:03,802][datajoint][INFO] - Deleting 0 rows from `ageuler_ssuhai_closed_loop`.`__averages`
[2025-06-04 11:00:03,802][datajoint][WARNING] - Nothing to delete.
[2025-06-04 11:00:04,831][datajoint][INFO] - Deleting 0 rows from `ageuler_ssuhai_closed_loop`.`__chirp_q_i`
[2025-06-04 11:00:04,832][datajoint][WARNING] - Nothing to delete.
[2025-06-04 11:00:05,861][datajoint][INFO] - Deleting 0 rows from `ageuler_ssuhai_closed_loop`.`__os_ds_indexes`
[2025-06-04 11:00:05,861][datajoint][WARNING] - Nothing to delete.
[2025-06-04 11:00:06,908][datajoint][INFO] - Deleting 1 rows from `ageuler_ssuhai_closed_loop`.`__classifier`
[2025-06-04 11:00:06,933][datajoint][INFO] - Deleting 1 rows from `ageuler_ssuhai_closed_loop`.`#classifier_method`
[2025-06-04 11:00:09,083][datajoint][INFO] - Deletes committed.
[2025-06-04 11:00:10,111][datajoint][INFO] - Deleting 1 rows from `ageuler_ssuhai_closed_loop`.`classifier_training_data`
[2025-06-04 11:00:14,659][datajoint][INFO] - Deletes committed.
[2025-06-04 11:00:15,689][datajoint][INFO] - Deleting 0 rows from `ageuler_ssuhai_closed_loop`.`__classifier`
[2025-06-04 11:00:15,689][datajoint][WARNING] - Nothing to delete.
[2025-06-04 11:00:16,719][datajoint][INFO] - Deleting 0 rows from `ageuler_ssuhai_closed_loop`.`#cascade_trace_params`
[2025-06-04 11:00:16,720][datajoint][WARNING] - Nothing to delete.
[2025-06-04 11:00:17,749][datajoint][INFO] - Deleting 1 rows from `ageuler_ssuhai_closed_loop`.`#cascade_params`
[2025-06-04 11:00:19,953][datajoint][INFO] - Deletes committed.
[2025-06-04 11:00:20,981][datajoint][INFO] - Deleting 0 rows from `ageuler_ssuhai_closed_loop`.`__baden16_traces`
[2025-06-04 11:00:20,982][datajoint][WARNING] - Nothing to delete.
[2025-06-04 11:00:22,012][datajoint][INFO] - Deleting 0 rows from `ageuler_ssuhai_closed_loop`.`__celltype_assignment`
[2025-06-04 11:00:22,012][datajoint][WARNING] - Nothing to delete.
[2025-06-04 11:00:23,042][datajoint][INFO] - Deleting 0 rows from `ageuler_ssuhai_closed_loop`.`roi_mask`
[2025-06-04 11:00:23,043][datajoint][WARNING] - Nothing to delete.
[2025-06-04 11:00:24,073][datajoint][INFO] - Deleting 0 rows from `ageuler_ssuhai_closed_loop`.`__roi`
[2025-06-04 11:00:24,073][datajoint][WARNING] - Nothing to delete.
[2025-06-04 11:00:25,103][datajoint][INFO] - Deleting 0 rows from `ageuler_ssuhai_closed_loop`.`__traces`
[2025-06-04 11:00:25,104][datajoint][WARNING] - Nothing to delete.
[2025-06-04 11:00:26,134][datajoint][INFO] - Deleting 0 rows from `ageuler_ssuhai_closed_loop`.`__preprocess_traces`
[2025-06-04 11:00:26,135][datajoint][WARNING] - Nothing to delete.
[2025-06-04 11:00:27,165][datajoint][INFO] - Deleting 0 rows from `ageuler_ssuhai_closed_loop`.`__presentation`
[2025-06-04 11:00:27,165][datajoint][WARNING] - Nothing to delete.
[2025-06-04 11:00:28,195][datajoint][INFO] - Deleting 0 rows from `ageuler_ssuhai_closed_loop`.`__cascade_traces`
[2025-06-04 11:00:28,196][datajoint][WARNING] - Nothing to delete.
[2025-06-04 11:00:29,225][datajoint][INFO] - Deleting 0 rows from `ageuler_ssuhai_closed_loop`.`__cascade_spikes`
[2025-06-04 11:00:29,226][datajoint][WARNING] - Nothing to delete.
[2025-06-04 11:00:30,255][datajoint][INFO] - Deleting 0 rows from `ageuler_ssuhai_closed_loop`.`open_retina_hoefling_format`
[2025-06-04 11:00:30,256][datajoint][WARNING] - Nothing to delete.
