[2025-06-03 10:32:03,055][datajoint][INFO] - Connecting ssuhai@172.25.240.200:3306
[2025-06-03 10:32:03,118][datajoint][INFO] - Connected ssuhai@172.25.240.200:3306
[2025-06-03 10:33:15,402][datajoint][INFO] - Deleting 3 rows from `ageuler_ssuhai_closed_loop`.`__field__stack_averages`
[2025-06-03 10:33:15,480][datajoint][INFO] - Deleting 4 rows from `ageuler_ssuhai_closed_loop`.`__presentation__scan_info`
[2025-06-03 10:33:15,532][datajoint][INFO] - Deleting 12 rows from `ageuler_ssuhai_closed_loop`.`__presentation__stack_averages`
[2025-06-03 10:33:15,582][datajoint][INFO] - Deleting 1 rows from `ageuler_ssuhai_closed_loop`.`roi_mask__roi_mask_presentation`
[2025-06-03 10:33:15,634][datajoint][INFO] - Deleting 1 rows from `ageuler_ssuhai_closed_loop`.`roi_mask`
[2025-06-03 10:33:15,660][datajoint][INFO] - Deleting 4 rows from `ageuler_ssuhai_closed_loop`.`__presentation`
[2025-06-03 10:33:15,686][datajoint][INFO] - Deleting 1 rows from `ageuler_ssuhai_closed_loop`.`__field`
[2025-06-03 10:33:15,711][datajoint][INFO] - Deleting 1 rows from `ageuler_ssuhai_closed_loop`.`#raw_data_params`
[2025-06-03 10:33:15,778][datajoint][INFO] - Deleting 1 rows from `ageuler_ssuhai_closed_loop`.`__experiment__animal`
[2025-06-03 10:33:15,828][datajoint][INFO] - Deleting 1 rows from `ageuler_ssuhai_closed_loop`.`__experiment__exp_info`
[2025-06-03 10:33:15,878][datajoint][INFO] - Deleting 1 rows from `ageuler_ssuhai_closed_loop`.`__experiment__indicator`
[2025-06-03 10:33:15,925][datajoint][INFO] - Deleting 1 rows from `ageuler_ssuhai_closed_loop`.`__experiment__pharm_info`
[2025-06-03 10:33:15,951][datajoint][INFO] - Deleting 1 rows from `ageuler_ssuhai_closed_loop`.`__experiment`
[2025-06-03 10:33:15,976][datajoint][INFO] - Deleting 1 rows from `ageuler_ssuhai_closed_loop`.`user_info`
[2025-06-03 10:33:19,899][datajoint][INFO] - Deletes committed.
[2025-06-03 10:33:20,929][datajoint][INFO] - Deleting 0 rows from `ageuler_ssuhai_closed_loop`.`__experiment`
[2025-06-03 10:33:20,930][datajoint][WARNING] - Nothing to delete.
[2025-06-03 10:33:21,959][datajoint][INFO] - Deleting 0 rows from `ageuler_ssuhai_closed_loop`.`__field`
[2025-06-03 10:33:21,960][datajoint][WARNING] - Nothing to delete.
[2025-06-03 10:33:23,008][datajoint][INFO] - Deleting 6 rows from `ageuler_ssuhai_closed_loop`.`#cascade_trace_params`
[2025-06-03 10:33:23,053][datajoint][INFO] - Deleting 6 rows from `ageuler_ssuhai_closed_loop`.`#preprocess_params`
[2025-06-03 10:33:23,079][datajoint][INFO] - Deleting 6 rows from `ageuler_ssuhai_closed_loop`.`stimulus`
[2025-06-03 10:33:26,563][datajoint][INFO] - Deletes committed.
[2025-06-03 10:33:27,591][datajoint][INFO] - Deleting 0 rows from `ageuler_ssuhai_closed_loop`.`#raw_data_params`
[2025-06-03 10:33:27,591][datajoint][WARNING] - Nothing to delete.
[2025-06-03 10:33:28,620][datajoint][INFO] - Deleting 0 rows from `ageuler_ssuhai_closed_loop`.`#preprocess_params`
[2025-06-03 10:33:28,620][datajoint][WARNING] - Nothing to delete.
[2025-06-03 10:33:29,648][datajoint][INFO] - Deleting 0 rows from `ageuler_ssuhai_closed_loop`.`__snippets`
[2025-06-03 10:33:29,649][datajoint][WARNING] - Nothing to delete.
[2025-06-03 10:33:30,677][datajoint][INFO] - Deleting 0 rows from `ageuler_ssuhai_closed_loop`.`__averages`
[2025-06-03 10:33:30,678][datajoint][WARNING] - Nothing to delete.
[2025-06-03 10:33:31,707][datajoint][INFO] - Deleting 0 rows from `ageuler_ssuhai_closed_loop`.`__chirp_q_i`
[2025-06-03 10:33:31,707][datajoint][WARNING] - Nothing to delete.
[2025-06-03 10:33:32,736][datajoint][INFO] - Deleting 0 rows from `ageuler_ssuhai_closed_loop`.`__os_ds_indexes`
[2025-06-03 10:33:32,736][datajoint][WARNING] - Nothing to delete.
[2025-06-03 10:33:33,783][datajoint][INFO] - Deleting 1 rows from `ageuler_ssuhai_closed_loop`.`__classifier`
[2025-06-03 10:33:33,808][datajoint][INFO] - Deleting 1 rows from `ageuler_ssuhai_closed_loop`.`#classifier_method`
[2025-06-03 10:33:36,590][datajoint][INFO] - Deletes committed.
[2025-06-03 10:33:37,616][datajoint][INFO] - Deleting 1 rows from `ageuler_ssuhai_closed_loop`.`classifier_training_data`
[2025-06-03 10:33:42,046][datajoint][INFO] - Deletes committed.
[2025-06-03 10:33:43,074][datajoint][INFO] - Deleting 0 rows from `ageuler_ssuhai_closed_loop`.`__classifier`
[2025-06-03 10:33:43,075][datajoint][WARNING] - Nothing to delete.
[2025-06-03 10:33:44,104][datajoint][INFO] - Deleting 0 rows from `ageuler_ssuhai_closed_loop`.`#cascade_trace_params`
[2025-06-03 10:33:44,105][datajoint][WARNING] - Nothing to delete.
[2025-06-03 10:33:45,134][datajoint][INFO] - Deleting 1 rows from `ageuler_ssuhai_closed_loop`.`#cascade_params`
[2025-06-03 10:33:46,591][datajoint][INFO] - Deletes committed.
[2025-06-03 10:33:47,619][datajoint][INFO] - Deleting 0 rows from `ageuler_ssuhai_closed_loop`.`__baden16_traces`
[2025-06-03 10:33:47,620][datajoint][WARNING] - Nothing to delete.
[2025-06-03 10:33:48,650][datajoint][INFO] - Deleting 0 rows from `ageuler_ssuhai_closed_loop`.`__celltype_assignment`
[2025-06-03 10:33:48,651][datajoint][WARNING] - Nothing to delete.
[2025-06-03 10:33:49,681][datajoint][INFO] - Deleting 0 rows from `ageuler_ssuhai_closed_loop`.`roi_mask`
[2025-06-03 10:33:49,681][datajoint][WARNING] - Nothing to delete.
[2025-06-03 10:33:50,711][datajoint][INFO] - Deleting 0 rows from `ageuler_ssuhai_closed_loop`.`__roi`
[2025-06-03 10:33:50,712][datajoint][WARNING] - Nothing to delete.
[2025-06-03 10:33:51,741][datajoint][INFO] - Deleting 0 rows from `ageuler_ssuhai_closed_loop`.`__traces`
[2025-06-03 10:33:51,742][datajoint][WARNING] - Nothing to delete.
[2025-06-03 10:33:52,771][datajoint][INFO] - Deleting 0 rows from `ageuler_ssuhai_closed_loop`.`__preprocess_traces`
[2025-06-03 10:33:52,771][datajoint][WARNING] - Nothing to delete.
[2025-06-03 10:33:53,801][datajoint][INFO] - Deleting 0 rows from `ageuler_ssuhai_closed_loop`.`__presentation`
[2025-06-03 10:33:53,801][datajoint][WARNING] - Nothing to delete.
[2025-06-03 10:33:54,831][datajoint][INFO] - Deleting 0 rows from `ageuler_ssuhai_closed_loop`.`__cascade_traces`
[2025-06-03 10:33:54,831][datajoint][WARNING] - Nothing to delete.
[2025-06-03 10:33:55,861][datajoint][INFO] - Deleting 0 rows from `ageuler_ssuhai_closed_loop`.`__cascade_spikes`
[2025-06-03 10:33:55,861][datajoint][WARNING] - Nothing to delete.
[2025-06-03 10:33:56,890][datajoint][INFO] - Deleting 0 rows from `ageuler_ssuhai_closed_loop`.`__open_retina_hoefling_format`
[2025-06-03 10:33:56,891][datajoint][WARNING] - Nothing to delete.
[2025-06-03 10:37:33,232][absl][WARNING] - Compiled the loaded model, but the compiled metrics have yet to be built. `model.compile_metrics` will be empty until you train or evaluate the model.
[2025-06-03 10:37:33,237][absl][WARNING] - Error in loading the saved optimizer state. As a result, your model is starting with a freshly initialized optimizer.
[2025-06-03 10:37:33,369][absl][WARNING] - Compiled the loaded model, but the compiled metrics have yet to be built. `model.compile_metrics` will be empty until you train or evaluate the model.
[2025-06-03 10:37:33,372][absl][WARNING] - Error in loading the saved optimizer state. As a result, your model is starting with a freshly initialized optimizer.
[2025-06-03 10:37:33,519][absl][WARNING] - Compiled the loaded model, but the compiled metrics have yet to be built. `model.compile_metrics` will be empty until you train or evaluate the model.
[2025-06-03 10:37:33,522][absl][WARNING] - Error in loading the saved optimizer state. As a result, your model is starting with a freshly initialized optimizer.
[2025-06-03 10:37:33,657][absl][WARNING] - Compiled the loaded model, but the compiled metrics have yet to be built. `model.compile_metrics` will be empty until you train or evaluate the model.
[2025-06-03 10:37:33,660][absl][WARNING] - Error in loading the saved optimizer state. As a result, your model is starting with a freshly initialized optimizer.
[2025-06-03 10:37:33,792][absl][WARNING] - Compiled the loaded model, but the compiled metrics have yet to be built. `model.compile_metrics` will be empty until you train or evaluate the model.
[2025-06-03 10:37:33,795][absl][WARNING] - Error in loading the saved optimizer state. As a result, your model is starting with a freshly initialized optimizer.
[2025-06-03 10:37:36,775][tensorflow][WARNING] - 5 out of the last 5 calls to <function TensorFlowTrainer.make_predict_function.<locals>.one_step_on_data_distributed at 0x7ff3101b68e0> triggered tf.function retracing. Tracing is expensive and the excessive number of tracings could be due to (1) creating @tf.function repeatedly in a loop, (2) passing tensors with different shapes, (3) passing Python objects instead of tensors. For (1), please define your @tf.function outside of the loop. For (2), @tf.function has reduce_retracing=True option that can avoid unnecessary retracing. For (3), please refer to https://www.tensorflow.org/guide/function#controlling_retracing and https://www.tensorflow.org/api_docs/python/tf/function for  more details.
[2025-06-03 10:37:37,454][absl][WARNING] - Compiled the loaded model, but the compiled metrics have yet to be built. `model.compile_metrics` will be empty until you train or evaluate the model.
[2025-06-03 10:37:37,459][absl][WARNING] - Error in loading the saved optimizer state. As a result, your model is starting with a freshly initialized optimizer.
[2025-06-03 10:37:37,587][absl][WARNING] - Compiled the loaded model, but the compiled metrics have yet to be built. `model.compile_metrics` will be empty until you train or evaluate the model.
[2025-06-03 10:37:37,590][absl][WARNING] - Error in loading the saved optimizer state. As a result, your model is starting with a freshly initialized optimizer.
[2025-06-03 10:37:37,744][absl][WARNING] - Compiled the loaded model, but the compiled metrics have yet to be built. `model.compile_metrics` will be empty until you train or evaluate the model.
[2025-06-03 10:37:37,747][absl][WARNING] - Error in loading the saved optimizer state. As a result, your model is starting with a freshly initialized optimizer.
[2025-06-03 10:37:37,881][absl][WARNING] - Compiled the loaded model, but the compiled metrics have yet to be built. `model.compile_metrics` will be empty until you train or evaluate the model.
[2025-06-03 10:37:37,884][absl][WARNING] - Error in loading the saved optimizer state. As a result, your model is starting with a freshly initialized optimizer.
[2025-06-03 10:37:38,043][absl][WARNING] - Compiled the loaded model, but the compiled metrics have yet to be built. `model.compile_metrics` will be empty until you train or evaluate the model.
[2025-06-03 10:37:38,046][absl][WARNING] - Error in loading the saved optimizer state. As a result, your model is starting with a freshly initialized optimizer.
[2025-06-03 10:37:38,290][tensorflow][WARNING] - 6 out of the last 6 calls to <function TensorFlowTrainer.make_predict_function.<locals>.one_step_on_data_distributed at 0x7ff330a6a660> triggered tf.function retracing. Tracing is expensive and the excessive number of tracings could be due to (1) creating @tf.function repeatedly in a loop, (2) passing tensors with different shapes, (3) passing Python objects instead of tensors. For (1), please define your @tf.function outside of the loop. For (2), @tf.function has reduce_retracing=True option that can avoid unnecessary retracing. For (3), please refer to https://www.tensorflow.org/guide/function#controlling_retracing and https://www.tensorflow.org/api_docs/python/tf/function for  more details.
[2025-06-03 10:37:39,921][absl][WARNING] - Compiled the loaded model, but the compiled metrics have yet to be built. `model.compile_metrics` will be empty until you train or evaluate the model.
[2025-06-03 10:37:39,926][absl][WARNING] - Error in loading the saved optimizer state. As a result, your model is starting with a freshly initialized optimizer.
[2025-06-03 10:37:40,060][absl][WARNING] - Compiled the loaded model, but the compiled metrics have yet to be built. `model.compile_metrics` will be empty until you train or evaluate the model.
[2025-06-03 10:37:40,063][absl][WARNING] - Error in loading the saved optimizer state. As a result, your model is starting with a freshly initialized optimizer.
[2025-06-03 10:37:40,210][absl][WARNING] - Compiled the loaded model, but the compiled metrics have yet to be built. `model.compile_metrics` will be empty until you train or evaluate the model.
[2025-06-03 10:37:40,213][absl][WARNING] - Error in loading the saved optimizer state. As a result, your model is starting with a freshly initialized optimizer.
[2025-06-03 10:37:40,334][absl][WARNING] - Compiled the loaded model, but the compiled metrics have yet to be built. `model.compile_metrics` will be empty until you train or evaluate the model.
[2025-06-03 10:37:40,336][absl][WARNING] - Error in loading the saved optimizer state. As a result, your model is starting with a freshly initialized optimizer.
[2025-06-03 10:37:40,462][absl][WARNING] - Compiled the loaded model, but the compiled metrics have yet to be built. `model.compile_metrics` will be empty until you train or evaluate the model.
[2025-06-03 10:37:40,465][absl][WARNING] - Error in loading the saved optimizer state. As a result, your model is starting with a freshly initialized optimizer.
[2025-06-03 10:37:43,121][absl][WARNING] - Compiled the loaded model, but the compiled metrics have yet to be built. `model.compile_metrics` will be empty until you train or evaluate the model.
[2025-06-03 10:37:43,125][absl][WARNING] - Error in loading the saved optimizer state. As a result, your model is starting with a freshly initialized optimizer.
[2025-06-03 10:37:43,271][absl][WARNING] - Compiled the loaded model, but the compiled metrics have yet to be built. `model.compile_metrics` will be empty until you train or evaluate the model.
[2025-06-03 10:37:43,274][absl][WARNING] - Error in loading the saved optimizer state. As a result, your model is starting with a freshly initialized optimizer.
[2025-06-03 10:37:43,406][absl][WARNING] - Compiled the loaded model, but the compiled metrics have yet to be built. `model.compile_metrics` will be empty until you train or evaluate the model.
[2025-06-03 10:37:43,409][absl][WARNING] - Error in loading the saved optimizer state. As a result, your model is starting with a freshly initialized optimizer.
[2025-06-03 10:37:43,568][absl][WARNING] - Compiled the loaded model, but the compiled metrics have yet to be built. `model.compile_metrics` will be empty until you train or evaluate the model.
[2025-06-03 10:37:43,571][absl][WARNING] - Error in loading the saved optimizer state. As a result, your model is starting with a freshly initialized optimizer.
[2025-06-03 10:37:43,708][absl][WARNING] - Compiled the loaded model, but the compiled metrics have yet to be built. `model.compile_metrics` will be empty until you train or evaluate the model.
[2025-06-03 10:37:43,711][absl][WARNING] - Error in loading the saved optimizer state. As a result, your model is starting with a freshly initialized optimizer.
[2025-06-03 10:37:46,487][absl][WARNING] - Compiled the loaded model, but the compiled metrics have yet to be built. `model.compile_metrics` will be empty until you train or evaluate the model.
[2025-06-03 10:37:46,491][absl][WARNING] - Error in loading the saved optimizer state. As a result, your model is starting with a freshly initialized optimizer.
[2025-06-03 10:37:46,657][absl][WARNING] - Compiled the loaded model, but the compiled metrics have yet to be built. `model.compile_metrics` will be empty until you train or evaluate the model.
[2025-06-03 10:37:46,660][absl][WARNING] - Error in loading the saved optimizer state. As a result, your model is starting with a freshly initialized optimizer.
[2025-06-03 10:37:46,784][absl][WARNING] - Compiled the loaded model, but the compiled metrics have yet to be built. `model.compile_metrics` will be empty until you train or evaluate the model.
[2025-06-03 10:37:46,787][absl][WARNING] - Error in loading the saved optimizer state. As a result, your model is starting with a freshly initialized optimizer.
[2025-06-03 10:37:46,919][absl][WARNING] - Compiled the loaded model, but the compiled metrics have yet to be built. `model.compile_metrics` will be empty until you train or evaluate the model.
[2025-06-03 10:37:46,922][absl][WARNING] - Error in loading the saved optimizer state. As a result, your model is starting with a freshly initialized optimizer.
[2025-06-03 10:37:47,047][absl][WARNING] - Compiled the loaded model, but the compiled metrics have yet to be built. `model.compile_metrics` will be empty until you train or evaluate the model.
[2025-06-03 10:37:47,050][absl][WARNING] - Error in loading the saved optimizer state. As a result, your model is starting with a freshly initialized optimizer.
[2025-06-03 10:37:49,784][absl][WARNING] - Compiled the loaded model, but the compiled metrics have yet to be built. `model.compile_metrics` will be empty until you train or evaluate the model.
[2025-06-03 10:37:49,788][absl][WARNING] - Error in loading the saved optimizer state. As a result, your model is starting with a freshly initialized optimizer.
[2025-06-03 10:37:49,912][absl][WARNING] - Compiled the loaded model, but the compiled metrics have yet to be built. `model.compile_metrics` will be empty until you train or evaluate the model.
[2025-06-03 10:37:49,915][absl][WARNING] - Error in loading the saved optimizer state. As a result, your model is starting with a freshly initialized optimizer.
[2025-06-03 10:37:50,048][absl][WARNING] - Compiled the loaded model, but the compiled metrics have yet to be built. `model.compile_metrics` will be empty until you train or evaluate the model.
[2025-06-03 10:37:50,051][absl][WARNING] - Error in loading the saved optimizer state. As a result, your model is starting with a freshly initialized optimizer.
[2025-06-03 10:37:50,192][absl][WARNING] - Compiled the loaded model, but the compiled metrics have yet to be built. `model.compile_metrics` will be empty until you train or evaluate the model.
[2025-06-03 10:37:50,195][absl][WARNING] - Error in loading the saved optimizer state. As a result, your model is starting with a freshly initialized optimizer.
[2025-06-03 10:37:50,326][absl][WARNING] - Compiled the loaded model, but the compiled metrics have yet to be built. `model.compile_metrics` will be empty until you train or evaluate the model.
[2025-06-03 10:37:50,329][absl][WARNING] - Error in loading the saved optimizer state. As a result, your model is starting with a freshly initialized optimizer.
[2025-06-03 10:37:55,841][absl][WARNING] - Compiled the loaded model, but the compiled metrics have yet to be built. `model.compile_metrics` will be empty until you train or evaluate the model.
[2025-06-03 10:37:55,845][absl][WARNING] - Error in loading the saved optimizer state. As a result, your model is starting with a freshly initialized optimizer.
[2025-06-03 10:37:55,941][absl][WARNING] - Compiled the loaded model, but the compiled metrics have yet to be built. `model.compile_metrics` will be empty until you train or evaluate the model.
[2025-06-03 10:37:55,945][absl][WARNING] - Error in loading the saved optimizer state. As a result, your model is starting with a freshly initialized optimizer.
[2025-06-03 10:37:56,040][absl][WARNING] - Compiled the loaded model, but the compiled metrics have yet to be built. `model.compile_metrics` will be empty until you train or evaluate the model.
[2025-06-03 10:37:56,043][absl][WARNING] - Error in loading the saved optimizer state. As a result, your model is starting with a freshly initialized optimizer.
[2025-06-03 10:37:56,138][absl][WARNING] - Compiled the loaded model, but the compiled metrics have yet to be built. `model.compile_metrics` will be empty until you train or evaluate the model.
[2025-06-03 10:37:56,141][absl][WARNING] - Error in loading the saved optimizer state. As a result, your model is starting with a freshly initialized optimizer.
[2025-06-03 10:37:56,238][absl][WARNING] - Compiled the loaded model, but the compiled metrics have yet to be built. `model.compile_metrics` will be empty until you train or evaluate the model.
[2025-06-03 10:37:56,241][absl][WARNING] - Error in loading the saved optimizer state. As a result, your model is starting with a freshly initialized optimizer.
[2025-06-03 10:37:58,823][absl][WARNING] - Compiled the loaded model, but the compiled metrics have yet to be built. `model.compile_metrics` will be empty until you train or evaluate the model.
[2025-06-03 10:37:58,827][absl][WARNING] - Error in loading the saved optimizer state. As a result, your model is starting with a freshly initialized optimizer.
[2025-06-03 10:37:58,921][absl][WARNING] - Compiled the loaded model, but the compiled metrics have yet to be built. `model.compile_metrics` will be empty until you train or evaluate the model.
[2025-06-03 10:37:58,924][absl][WARNING] - Error in loading the saved optimizer state. As a result, your model is starting with a freshly initialized optimizer.
[2025-06-03 10:37:59,020][absl][WARNING] - Compiled the loaded model, but the compiled metrics have yet to be built. `model.compile_metrics` will be empty until you train or evaluate the model.
[2025-06-03 10:37:59,023][absl][WARNING] - Error in loading the saved optimizer state. As a result, your model is starting with a freshly initialized optimizer.
[2025-06-03 10:37:59,118][absl][WARNING] - Compiled the loaded model, but the compiled metrics have yet to be built. `model.compile_metrics` will be empty until you train or evaluate the model.
[2025-06-03 10:37:59,121][absl][WARNING] - Error in loading the saved optimizer state. As a result, your model is starting with a freshly initialized optimizer.
[2025-06-03 10:37:59,214][absl][WARNING] - Compiled the loaded model, but the compiled metrics have yet to be built. `model.compile_metrics` will be empty until you train or evaluate the model.
[2025-06-03 10:37:59,217][absl][WARNING] - Error in loading the saved optimizer state. As a result, your model is starting with a freshly initialized optimizer.
[2025-06-03 10:38:01,940][absl][WARNING] - Compiled the loaded model, but the compiled metrics have yet to be built. `model.compile_metrics` will be empty until you train or evaluate the model.
[2025-06-03 10:38:01,944][absl][WARNING] - Error in loading the saved optimizer state. As a result, your model is starting with a freshly initialized optimizer.
[2025-06-03 10:38:02,037][absl][WARNING] - Compiled the loaded model, but the compiled metrics have yet to be built. `model.compile_metrics` will be empty until you train or evaluate the model.
[2025-06-03 10:38:02,040][absl][WARNING] - Error in loading the saved optimizer state. As a result, your model is starting with a freshly initialized optimizer.
[2025-06-03 10:38:02,135][absl][WARNING] - Compiled the loaded model, but the compiled metrics have yet to be built. `model.compile_metrics` will be empty until you train or evaluate the model.
[2025-06-03 10:38:02,138][absl][WARNING] - Error in loading the saved optimizer state. As a result, your model is starting with a freshly initialized optimizer.
[2025-06-03 10:38:02,235][absl][WARNING] - Compiled the loaded model, but the compiled metrics have yet to be built. `model.compile_metrics` will be empty until you train or evaluate the model.
[2025-06-03 10:38:02,238][absl][WARNING] - Error in loading the saved optimizer state. As a result, your model is starting with a freshly initialized optimizer.
[2025-06-03 10:38:02,332][absl][WARNING] - Compiled the loaded model, but the compiled metrics have yet to be built. `model.compile_metrics` will be empty until you train or evaluate the model.
[2025-06-03 10:38:02,335][absl][WARNING] - Error in loading the saved optimizer state. As a result, your model is starting with a freshly initialized optimizer.
[2025-06-03 10:38:05,787][absl][WARNING] - Compiled the loaded model, but the compiled metrics have yet to be built. `model.compile_metrics` will be empty until you train or evaluate the model.
[2025-06-03 10:38:05,791][absl][WARNING] - Error in loading the saved optimizer state. As a result, your model is starting with a freshly initialized optimizer.
[2025-06-03 10:38:05,888][absl][WARNING] - Compiled the loaded model, but the compiled metrics have yet to be built. `model.compile_metrics` will be empty until you train or evaluate the model.
[2025-06-03 10:38:05,891][absl][WARNING] - Error in loading the saved optimizer state. As a result, your model is starting with a freshly initialized optimizer.
[2025-06-03 10:38:05,985][absl][WARNING] - Compiled the loaded model, but the compiled metrics have yet to be built. `model.compile_metrics` will be empty until you train or evaluate the model.
[2025-06-03 10:38:05,988][absl][WARNING] - Error in loading the saved optimizer state. As a result, your model is starting with a freshly initialized optimizer.
[2025-06-03 10:38:06,083][absl][WARNING] - Compiled the loaded model, but the compiled metrics have yet to be built. `model.compile_metrics` will be empty until you train or evaluate the model.
[2025-06-03 10:38:06,086][absl][WARNING] - Error in loading the saved optimizer state. As a result, your model is starting with a freshly initialized optimizer.
[2025-06-03 10:38:06,180][absl][WARNING] - Compiled the loaded model, but the compiled metrics have yet to be built. `model.compile_metrics` will be empty until you train or evaluate the model.
[2025-06-03 10:38:06,182][absl][WARNING] - Error in loading the saved optimizer state. As a result, your model is starting with a freshly initialized optimizer.
[2025-06-03 10:38:09,806][absl][WARNING] - Compiled the loaded model, but the compiled metrics have yet to be built. `model.compile_metrics` will be empty until you train or evaluate the model.
[2025-06-03 10:38:09,810][absl][WARNING] - Error in loading the saved optimizer state. As a result, your model is starting with a freshly initialized optimizer.
[2025-06-03 10:38:09,905][absl][WARNING] - Compiled the loaded model, but the compiled metrics have yet to be built. `model.compile_metrics` will be empty until you train or evaluate the model.
[2025-06-03 10:38:09,908][absl][WARNING] - Error in loading the saved optimizer state. As a result, your model is starting with a freshly initialized optimizer.
[2025-06-03 10:38:10,003][absl][WARNING] - Compiled the loaded model, but the compiled metrics have yet to be built. `model.compile_metrics` will be empty until you train or evaluate the model.
[2025-06-03 10:38:10,006][absl][WARNING] - Error in loading the saved optimizer state. As a result, your model is starting with a freshly initialized optimizer.
[2025-06-03 10:38:10,103][absl][WARNING] - Compiled the loaded model, but the compiled metrics have yet to be built. `model.compile_metrics` will be empty until you train or evaluate the model.
[2025-06-03 10:38:10,105][absl][WARNING] - Error in loading the saved optimizer state. As a result, your model is starting with a freshly initialized optimizer.
[2025-06-03 10:38:10,201][absl][WARNING] - Compiled the loaded model, but the compiled metrics have yet to be built. `model.compile_metrics` will be empty until you train or evaluate the model.
[2025-06-03 10:38:10,204][absl][WARNING] - Error in loading the saved optimizer state. As a result, your model is starting with a freshly initialized optimizer.
[2025-06-03 10:38:13,976][absl][WARNING] - Compiled the loaded model, but the compiled metrics have yet to be built. `model.compile_metrics` will be empty until you train or evaluate the model.
[2025-06-03 10:38:13,981][absl][WARNING] - Error in loading the saved optimizer state. As a result, your model is starting with a freshly initialized optimizer.
[2025-06-03 10:38:14,076][absl][WARNING] - Compiled the loaded model, but the compiled metrics have yet to be built. `model.compile_metrics` will be empty until you train or evaluate the model.
[2025-06-03 10:38:14,079][absl][WARNING] - Error in loading the saved optimizer state. As a result, your model is starting with a freshly initialized optimizer.
[2025-06-03 10:38:14,176][absl][WARNING] - Compiled the loaded model, but the compiled metrics have yet to be built. `model.compile_metrics` will be empty until you train or evaluate the model.
[2025-06-03 10:38:14,179][absl][WARNING] - Error in loading the saved optimizer state. As a result, your model is starting with a freshly initialized optimizer.
[2025-06-03 10:38:14,272][absl][WARNING] - Compiled the loaded model, but the compiled metrics have yet to be built. `model.compile_metrics` will be empty until you train or evaluate the model.
[2025-06-03 10:38:14,275][absl][WARNING] - Error in loading the saved optimizer state. As a result, your model is starting with a freshly initialized optimizer.
[2025-06-03 10:38:14,383][absl][WARNING] - Compiled the loaded model, but the compiled metrics have yet to be built. `model.compile_metrics` will be empty until you train or evaluate the model.
[2025-06-03 10:38:14,385][absl][WARNING] - Error in loading the saved optimizer state. As a result, your model is starting with a freshly initialized optimizer.
[2025-06-03 10:38:23,694][absl][WARNING] - Compiled the loaded model, but the compiled metrics have yet to be built. `model.compile_metrics` will be empty until you train or evaluate the model.
[2025-06-03 10:38:23,698][absl][WARNING] - Error in loading the saved optimizer state. As a result, your model is starting with a freshly initialized optimizer.
[2025-06-03 10:38:23,792][absl][WARNING] - Compiled the loaded model, but the compiled metrics have yet to be built. `model.compile_metrics` will be empty until you train or evaluate the model.
[2025-06-03 10:38:23,795][absl][WARNING] - Error in loading the saved optimizer state. As a result, your model is starting with a freshly initialized optimizer.
[2025-06-03 10:38:23,888][absl][WARNING] - Compiled the loaded model, but the compiled metrics have yet to be built. `model.compile_metrics` will be empty until you train or evaluate the model.
[2025-06-03 10:38:23,891][absl][WARNING] - Error in loading the saved optimizer state. As a result, your model is starting with a freshly initialized optimizer.
[2025-06-03 10:38:23,985][absl][WARNING] - Compiled the loaded model, but the compiled metrics have yet to be built. `model.compile_metrics` will be empty until you train or evaluate the model.
[2025-06-03 10:38:23,988][absl][WARNING] - Error in loading the saved optimizer state. As a result, your model is starting with a freshly initialized optimizer.
[2025-06-03 10:38:24,085][absl][WARNING] - Compiled the loaded model, but the compiled metrics have yet to be built. `model.compile_metrics` will be empty until you train or evaluate the model.
[2025-06-03 10:38:24,088][absl][WARNING] - Error in loading the saved optimizer state. As a result, your model is starting with a freshly initialized optimizer.
[2025-06-03 10:38:25,870][absl][WARNING] - Compiled the loaded model, but the compiled metrics have yet to be built. `model.compile_metrics` will be empty until you train or evaluate the model.
[2025-06-03 10:38:25,874][absl][WARNING] - Error in loading the saved optimizer state. As a result, your model is starting with a freshly initialized optimizer.
[2025-06-03 10:38:25,970][absl][WARNING] - Compiled the loaded model, but the compiled metrics have yet to be built. `model.compile_metrics` will be empty until you train or evaluate the model.
[2025-06-03 10:38:25,973][absl][WARNING] - Error in loading the saved optimizer state. As a result, your model is starting with a freshly initialized optimizer.
[2025-06-03 10:38:26,066][absl][WARNING] - Compiled the loaded model, but the compiled metrics have yet to be built. `model.compile_metrics` will be empty until you train or evaluate the model.
[2025-06-03 10:38:26,069][absl][WARNING] - Error in loading the saved optimizer state. As a result, your model is starting with a freshly initialized optimizer.
[2025-06-03 10:38:26,163][absl][WARNING] - Compiled the loaded model, but the compiled metrics have yet to be built. `model.compile_metrics` will be empty until you train or evaluate the model.
[2025-06-03 10:38:26,166][absl][WARNING] - Error in loading the saved optimizer state. As a result, your model is starting with a freshly initialized optimizer.
[2025-06-03 10:38:26,262][absl][WARNING] - Compiled the loaded model, but the compiled metrics have yet to be built. `model.compile_metrics` will be empty until you train or evaluate the model.
[2025-06-03 10:38:26,265][absl][WARNING] - Error in loading the saved optimizer state. As a result, your model is starting with a freshly initialized optimizer.
[2025-06-03 10:38:28,101][absl][WARNING] - Compiled the loaded model, but the compiled metrics have yet to be built. `model.compile_metrics` will be empty until you train or evaluate the model.
[2025-06-03 10:38:28,105][absl][WARNING] - Error in loading the saved optimizer state. As a result, your model is starting with a freshly initialized optimizer.
[2025-06-03 10:38:28,200][absl][WARNING] - Compiled the loaded model, but the compiled metrics have yet to be built. `model.compile_metrics` will be empty until you train or evaluate the model.
[2025-06-03 10:38:28,203][absl][WARNING] - Error in loading the saved optimizer state. As a result, your model is starting with a freshly initialized optimizer.
[2025-06-03 10:38:28,297][absl][WARNING] - Compiled the loaded model, but the compiled metrics have yet to be built. `model.compile_metrics` will be empty until you train or evaluate the model.
[2025-06-03 10:38:28,300][absl][WARNING] - Error in loading the saved optimizer state. As a result, your model is starting with a freshly initialized optimizer.
[2025-06-03 10:38:28,398][absl][WARNING] - Compiled the loaded model, but the compiled metrics have yet to be built. `model.compile_metrics` will be empty until you train or evaluate the model.
[2025-06-03 10:38:28,401][absl][WARNING] - Error in loading the saved optimizer state. As a result, your model is starting with a freshly initialized optimizer.
[2025-06-03 10:38:28,500][absl][WARNING] - Compiled the loaded model, but the compiled metrics have yet to be built. `model.compile_metrics` will be empty until you train or evaluate the model.
[2025-06-03 10:38:28,503][absl][WARNING] - Error in loading the saved optimizer state. As a result, your model is starting with a freshly initialized optimizer.
[2025-06-03 10:38:31,114][absl][WARNING] - Compiled the loaded model, but the compiled metrics have yet to be built. `model.compile_metrics` will be empty until you train or evaluate the model.
[2025-06-03 10:38:31,118][absl][WARNING] - Error in loading the saved optimizer state. As a result, your model is starting with a freshly initialized optimizer.
[2025-06-03 10:38:31,212][absl][WARNING] - Compiled the loaded model, but the compiled metrics have yet to be built. `model.compile_metrics` will be empty until you train or evaluate the model.
[2025-06-03 10:38:31,215][absl][WARNING] - Error in loading the saved optimizer state. As a result, your model is starting with a freshly initialized optimizer.
[2025-06-03 10:38:31,309][absl][WARNING] - Compiled the loaded model, but the compiled metrics have yet to be built. `model.compile_metrics` will be empty until you train or evaluate the model.
[2025-06-03 10:38:31,312][absl][WARNING] - Error in loading the saved optimizer state. As a result, your model is starting with a freshly initialized optimizer.
[2025-06-03 10:38:31,407][absl][WARNING] - Compiled the loaded model, but the compiled metrics have yet to be built. `model.compile_metrics` will be empty until you train or evaluate the model.
[2025-06-03 10:38:31,410][absl][WARNING] - Error in loading the saved optimizer state. As a result, your model is starting with a freshly initialized optimizer.
[2025-06-03 10:38:31,504][absl][WARNING] - Compiled the loaded model, but the compiled metrics have yet to be built. `model.compile_metrics` will be empty until you train or evaluate the model.
[2025-06-03 10:38:31,507][absl][WARNING] - Error in loading the saved optimizer state. As a result, your model is starting with a freshly initialized optimizer.
[2025-06-03 10:38:34,086][absl][WARNING] - Compiled the loaded model, but the compiled metrics have yet to be built. `model.compile_metrics` will be empty until you train or evaluate the model.
[2025-06-03 10:38:34,090][absl][WARNING] - Error in loading the saved optimizer state. As a result, your model is starting with a freshly initialized optimizer.
[2025-06-03 10:38:34,185][absl][WARNING] - Compiled the loaded model, but the compiled metrics have yet to be built. `model.compile_metrics` will be empty until you train or evaluate the model.
[2025-06-03 10:38:34,188][absl][WARNING] - Error in loading the saved optimizer state. As a result, your model is starting with a freshly initialized optimizer.
[2025-06-03 10:38:34,282][absl][WARNING] - Compiled the loaded model, but the compiled metrics have yet to be built. `model.compile_metrics` will be empty until you train or evaluate the model.
[2025-06-03 10:38:34,285][absl][WARNING] - Error in loading the saved optimizer state. As a result, your model is starting with a freshly initialized optimizer.
[2025-06-03 10:38:34,380][absl][WARNING] - Compiled the loaded model, but the compiled metrics have yet to be built. `model.compile_metrics` will be empty until you train or evaluate the model.
[2025-06-03 10:38:34,383][absl][WARNING] - Error in loading the saved optimizer state. As a result, your model is starting with a freshly initialized optimizer.
[2025-06-03 10:38:34,477][absl][WARNING] - Compiled the loaded model, but the compiled metrics have yet to be built. `model.compile_metrics` will be empty until you train or evaluate the model.
[2025-06-03 10:38:34,480][absl][WARNING] - Error in loading the saved optimizer state. As a result, your model is starting with a freshly initialized optimizer.
[2025-06-03 10:38:38,765][absl][WARNING] - Compiled the loaded model, but the compiled metrics have yet to be built. `model.compile_metrics` will be empty until you train or evaluate the model.
[2025-06-03 10:38:38,769][absl][WARNING] - Error in loading the saved optimizer state. As a result, your model is starting with a freshly initialized optimizer.
[2025-06-03 10:38:38,862][absl][WARNING] - Compiled the loaded model, but the compiled metrics have yet to be built. `model.compile_metrics` will be empty until you train or evaluate the model.
[2025-06-03 10:38:38,865][absl][WARNING] - Error in loading the saved optimizer state. As a result, your model is starting with a freshly initialized optimizer.
[2025-06-03 10:38:38,962][absl][WARNING] - Compiled the loaded model, but the compiled metrics have yet to be built. `model.compile_metrics` will be empty until you train or evaluate the model.
[2025-06-03 10:38:38,965][absl][WARNING] - Error in loading the saved optimizer state. As a result, your model is starting with a freshly initialized optimizer.
[2025-06-03 10:38:39,060][absl][WARNING] - Compiled the loaded model, but the compiled metrics have yet to be built. `model.compile_metrics` will be empty until you train or evaluate the model.
[2025-06-03 10:38:39,063][absl][WARNING] - Error in loading the saved optimizer state. As a result, your model is starting with a freshly initialized optimizer.
[2025-06-03 10:38:39,164][absl][WARNING] - Compiled the loaded model, but the compiled metrics have yet to be built. `model.compile_metrics` will be empty until you train or evaluate the model.
[2025-06-03 10:38:39,167][absl][WARNING] - Error in loading the saved optimizer state. As a result, your model is starting with a freshly initialized optimizer.
[2025-06-03 10:38:40,916][absl][WARNING] - Compiled the loaded model, but the compiled metrics have yet to be built. `model.compile_metrics` will be empty until you train or evaluate the model.
[2025-06-03 10:38:40,920][absl][WARNING] - Error in loading the saved optimizer state. As a result, your model is starting with a freshly initialized optimizer.
[2025-06-03 10:38:41,017][absl][WARNING] - Compiled the loaded model, but the compiled metrics have yet to be built. `model.compile_metrics` will be empty until you train or evaluate the model.
[2025-06-03 10:38:41,020][absl][WARNING] - Error in loading the saved optimizer state. As a result, your model is starting with a freshly initialized optimizer.
[2025-06-03 10:38:41,113][absl][WARNING] - Compiled the loaded model, but the compiled metrics have yet to be built. `model.compile_metrics` will be empty until you train or evaluate the model.
[2025-06-03 10:38:41,116][absl][WARNING] - Error in loading the saved optimizer state. As a result, your model is starting with a freshly initialized optimizer.
[2025-06-03 10:38:41,209][absl][WARNING] - Compiled the loaded model, but the compiled metrics have yet to be built. `model.compile_metrics` will be empty until you train or evaluate the model.
[2025-06-03 10:38:41,212][absl][WARNING] - Error in loading the saved optimizer state. As a result, your model is starting with a freshly initialized optimizer.
[2025-06-03 10:38:41,306][absl][WARNING] - Compiled the loaded model, but the compiled metrics have yet to be built. `model.compile_metrics` will be empty until you train or evaluate the model.
[2025-06-03 10:38:41,309][absl][WARNING] - Error in loading the saved optimizer state. As a result, your model is starting with a freshly initialized optimizer.
[2025-06-03 10:38:43,119][absl][WARNING] - Compiled the loaded model, but the compiled metrics have yet to be built. `model.compile_metrics` will be empty until you train or evaluate the model.
[2025-06-03 10:38:43,123][absl][WARNING] - Error in loading the saved optimizer state. As a result, your model is starting with a freshly initialized optimizer.
[2025-06-03 10:38:43,229][absl][WARNING] - Compiled the loaded model, but the compiled metrics have yet to be built. `model.compile_metrics` will be empty until you train or evaluate the model.
[2025-06-03 10:38:43,232][absl][WARNING] - Error in loading the saved optimizer state. As a result, your model is starting with a freshly initialized optimizer.
[2025-06-03 10:38:43,337][absl][WARNING] - Compiled the loaded model, but the compiled metrics have yet to be built. `model.compile_metrics` will be empty until you train or evaluate the model.
[2025-06-03 10:38:43,341][absl][WARNING] - Error in loading the saved optimizer state. As a result, your model is starting with a freshly initialized optimizer.
[2025-06-03 10:38:43,446][absl][WARNING] - Compiled the loaded model, but the compiled metrics have yet to be built. `model.compile_metrics` will be empty until you train or evaluate the model.
[2025-06-03 10:38:43,449][absl][WARNING] - Error in loading the saved optimizer state. As a result, your model is starting with a freshly initialized optimizer.
[2025-06-03 10:38:43,555][absl][WARNING] - Compiled the loaded model, but the compiled metrics have yet to be built. `model.compile_metrics` will be empty until you train or evaluate the model.
[2025-06-03 10:38:43,558][absl][WARNING] - Error in loading the saved optimizer state. As a result, your model is starting with a freshly initialized optimizer.
[2025-06-03 10:38:46,250][absl][WARNING] - Compiled the loaded model, but the compiled metrics have yet to be built. `model.compile_metrics` will be empty until you train or evaluate the model.
[2025-06-03 10:38:46,254][absl][WARNING] - Error in loading the saved optimizer state. As a result, your model is starting with a freshly initialized optimizer.
[2025-06-03 10:38:46,353][absl][WARNING] - Compiled the loaded model, but the compiled metrics have yet to be built. `model.compile_metrics` will be empty until you train or evaluate the model.
[2025-06-03 10:38:46,356][absl][WARNING] - Error in loading the saved optimizer state. As a result, your model is starting with a freshly initialized optimizer.
[2025-06-03 10:38:46,449][absl][WARNING] - Compiled the loaded model, but the compiled metrics have yet to be built. `model.compile_metrics` will be empty until you train or evaluate the model.
[2025-06-03 10:38:46,452][absl][WARNING] - Error in loading the saved optimizer state. As a result, your model is starting with a freshly initialized optimizer.
[2025-06-03 10:38:46,548][absl][WARNING] - Compiled the loaded model, but the compiled metrics have yet to be built. `model.compile_metrics` will be empty until you train or evaluate the model.
[2025-06-03 10:38:46,551][absl][WARNING] - Error in loading the saved optimizer state. As a result, your model is starting with a freshly initialized optimizer.
[2025-06-03 10:38:46,645][absl][WARNING] - Compiled the loaded model, but the compiled metrics have yet to be built. `model.compile_metrics` will be empty until you train or evaluate the model.
[2025-06-03 10:38:46,648][absl][WARNING] - Error in loading the saved optimizer state. As a result, your model is starting with a freshly initialized optimizer.
[2025-06-03 10:38:49,767][absl][WARNING] - Compiled the loaded model, but the compiled metrics have yet to be built. `model.compile_metrics` will be empty until you train or evaluate the model.
[2025-06-03 10:38:49,771][absl][WARNING] - Error in loading the saved optimizer state. As a result, your model is starting with a freshly initialized optimizer.
[2025-06-03 10:38:49,866][absl][WARNING] - Compiled the loaded model, but the compiled metrics have yet to be built. `model.compile_metrics` will be empty until you train or evaluate the model.
[2025-06-03 10:38:49,868][absl][WARNING] - Error in loading the saved optimizer state. As a result, your model is starting with a freshly initialized optimizer.
[2025-06-03 10:38:49,964][absl][WARNING] - Compiled the loaded model, but the compiled metrics have yet to be built. `model.compile_metrics` will be empty until you train or evaluate the model.
[2025-06-03 10:38:49,966][absl][WARNING] - Error in loading the saved optimizer state. As a result, your model is starting with a freshly initialized optimizer.
[2025-06-03 10:38:50,064][absl][WARNING] - Compiled the loaded model, but the compiled metrics have yet to be built. `model.compile_metrics` will be empty until you train or evaluate the model.
[2025-06-03 10:38:50,067][absl][WARNING] - Error in loading the saved optimizer state. As a result, your model is starting with a freshly initialized optimizer.
[2025-06-03 10:38:50,164][absl][WARNING] - Compiled the loaded model, but the compiled metrics have yet to be built. `model.compile_metrics` will be empty until you train or evaluate the model.
[2025-06-03 10:38:50,167][absl][WARNING] - Error in loading the saved optimizer state. As a result, your model is starting with a freshly initialized optimizer.
[2025-06-03 10:38:53,294][absl][WARNING] - Compiled the loaded model, but the compiled metrics have yet to be built. `model.compile_metrics` will be empty until you train or evaluate the model.
[2025-06-03 10:38:53,298][absl][WARNING] - Error in loading the saved optimizer state. As a result, your model is starting with a freshly initialized optimizer.
[2025-06-03 10:38:53,393][absl][WARNING] - Compiled the loaded model, but the compiled metrics have yet to be built. `model.compile_metrics` will be empty until you train or evaluate the model.
[2025-06-03 10:38:53,396][absl][WARNING] - Error in loading the saved optimizer state. As a result, your model is starting with a freshly initialized optimizer.
[2025-06-03 10:38:53,491][absl][WARNING] - Compiled the loaded model, but the compiled metrics have yet to be built. `model.compile_metrics` will be empty until you train or evaluate the model.
[2025-06-03 10:38:53,494][absl][WARNING] - Error in loading the saved optimizer state. As a result, your model is starting with a freshly initialized optimizer.
[2025-06-03 10:38:53,589][absl][WARNING] - Compiled the loaded model, but the compiled metrics have yet to be built. `model.compile_metrics` will be empty until you train or evaluate the model.
[2025-06-03 10:38:53,592][absl][WARNING] - Error in loading the saved optimizer state. As a result, your model is starting with a freshly initialized optimizer.
[2025-06-03 10:38:53,687][absl][WARNING] - Compiled the loaded model, but the compiled metrics have yet to be built. `model.compile_metrics` will be empty until you train or evaluate the model.
[2025-06-03 10:38:53,690][absl][WARNING] - Error in loading the saved optimizer state. As a result, your model is starting with a freshly initialized optimizer.
