[2025-06-10 16:21:33,192][openretina.cli.train][INFO] - Logging full config:
[2025-06-10 16:21:33,207][openretina.cli.train][INFO] - data_io:
  stimuli:
    _target_: openretina.data_io.hoefling_2024.stimuli.movies_from_pickle
    _convert_: object
    file_path:
      _target_: openretina.utils.file_utils.get_local_file_path
      _convert_: object
      file_path: ${paths.movies_path}
      cache_folder: ${paths.cache_dir}
  responses:
    _target_: openretina.data_io.hoefling_2024.responses.make_final_responses
    _convert_: object
    response_type: natural
    data_dict:
      _target_: openretina.data_io.hoefling_2024.responses.filter_responses
      _convert_: object
      filter_cell_types: ${quality_checks.filter_cell_types}
      cell_types_list: ${quality_checks.cell_types_list}
      chirp_qi: ${quality_checks.chirp_qi}
      d_qi: ${quality_checks.d_qi}
      qi_logic: ${quality_checks.qi_logic}
      filter_counts: ${quality_checks.filter_counts}
      classifier_confidence: ${quality_checks.classifier_confidence}
      verbose: ${quality_checks.verbose}
      all_responses:
        _target_: openretina.utils.h5_handling.load_h5_into_dict
        _convert_: object
        file_path:
          _target_: openretina.utils.file_utils.get_local_file_path
          _convert_: object
          file_path: ${paths.responses_path}
          cache_folder: ${paths.cache_dir}
quality_checks:
  filter_cell_types: true
  cell_types_list:
  - 1
  - 2
  - 3
  - 4
  - 5
  - 6
  - 7
  - 8
  - 9
  - 10
  - 11
  - 12
  - 13
  - 14
  - 15
  - 16
  - 17
  - 18
  - 19
  - 20
  - 21
  - 22
  - 23
  - 24
  - 25
  - 26
  - 27
  - 28
  - 29
  - 30
  - 31
  - 32
  chirp_qi: 0.35
  d_qi: 0.6
  qi_logic: or
  filter_counts: false
  classifier_confidence: 0.25
  verbose: true
dataloader:
  _target_: openretina.data_io.hoefling_2024.dataloaders.natmov_dataloaders_v2
  _convert_: object
  batch_size: 128
  train_chunk_size: 50
  allow_over_boundaries: true
  validation_clip_indices:
  - 0
  - 4
  - 10
  - 11
  - 18
  - 30
  - 45
  - 62
  - 67
  - 77
  - 79
  - 80
  - 81
  - 83
  - 95
model:
  _target_: openretina.models.core_readout.CoreReadout
  _convert_: object
  in_shape:
  - 2
  - 150
  - 18
  - 16
  hidden_channels:
  - 16
  - 16
  temporal_kernel_sizes:
  - 21
  - 11
  spatial_kernel_sizes:
  - 11
  - 5
  core_gamma_input: 0.0
  core_gamma_in_sparse: 0.0
  core_gamma_hidden: 0.0
  core_gamma_temporal: 40.0
  core_input_padding: false
  core_hidden_padding: true
  maxpool_every_n_layers: null
  downsample_input_kernel_size: null
  n_neurons_dict: ???
  readout_scale: true
  readout_bias: true
  readout_gaussian_masks: true
  readout_gaussian_mean_scale: 6.0
  readout_gaussian_var_scale: 4.0
  readout_positive: true
  readout_gamma: 0.4
  learning_rate: 0.01
  cut_first_n_frames_in_core: 0
  dropout_rate: 0.0
training_callbacks:
  early_stopping:
    _target_: lightning.pytorch.callbacks.EarlyStopping
    monitor: val_correlation
    min_delta: 0.001
    patience: 10
    verbose: true
    mode: max
    strict: true
    check_finite: false
  lr_monitor:
    _target_: lightning.pytorch.callbacks.LearningRateMonitor
    logging_interval: epoch
    log_momentum: true
    log_weight_decay: true
  model_checkpoint:
    _target_: lightning.pytorch.callbacks.ModelCheckpoint
    dirpath: ${paths.output_dir}/checkpoints
    filename: '{epoch:02d}_{val_correlation:.3f}'
    monitor: val_correlation
    verbose: false
    save_last: false
    save_top_k: 1
    mode: max
    auto_insert_metric_name: true
    save_weights_only: false
    every_n_train_steps: null
    train_time_interval: null
    every_n_epochs: null
    save_on_train_epoch_end: null
logger:
  tensorboard:
    _target_: lightning.pytorch.loggers.TensorBoardLogger
    name: null
    save_dir: ${paths.output_dir}/tensorboard/
    prefix: ''
    version: ''
  csv:
    _target_: lightning.pytorch.loggers.csv_logs.CSVLogger
    save_dir: ${paths.output_dir}
    name: csv/
    prefix: ''
    version: ''
trainer:
  _target_: lightning.Trainer
  default_root_dir: ${paths.output_dir}
  deterministic: warn
  max_epochs: 100
  gradient_clip_val: 1
  precision: 32-true
  accumulate_grad_batches: 1
exp_name: hoefling_2024_core_readout_low_res_filtered
seed: 42
check_stimuli_responses_match: false
paths:
  load_model_path: null
  cache_dir: ${oc.env:OPENRETINA_CACHE_DIRECTORY}
  data_dir: ${paths.cache_dir}/data/
  log_dir: .
  output_dir: ${hydra:runtime.output_dir}
  movies_path: https://huggingface.co/datasets/open-retina/open-retina/blob/main/euler_lab/hoefling_2024/stimuli/rgc_natstim_18x16_joint_normalized_2024-01-11.zip
  responses_path: /gpfs01/euler/User/ssuhai/GitRepos/other/MITL_applications/data/rgc_natstim_missing_first.h5
matmul_precision:
  _target_: torch.set_float32_matmul_precision
  precision: highest
only_train_readout: false

[2025-06-10 16:21:33,210][openretina.cli.train][INFO] - Saving run logs at: /gpfs01/euler/User/ssuhai/GitRepos/other/MITL_applications/openretina_assets/runs/hoefling_2024_core_readout_low_res_filtered/2025-06-10_16-21-18
[2025-06-10 16:21:33,228][openretina.utils.file_utils][INFO] - Fetching file list for open-retina/open-retina...
[2025-06-10 16:21:33,547][openretina.utils.file_utils][INFO] - Found target file at /gpfs01/euler/User/ssuhai/openretina_cache/euler_lab/hoefling_2024/stimuli/rgc_natstim_18x16_joint_normalized_2024-01-11.pkl
[2025-06-10 16:22:16,417][openretina.cli.train][INFO] - Instantiating model <openretina.models.core_readout.CoreReadout>
[2025-06-10 16:22:17,941][openretina.models.core_readout][INFO] - in_shape_readout=torch.Size([16, 130, 8, 6])
[2025-06-10 16:22:17,959][openretina.cli.train][INFO] - Instantiating loggers...
[2025-06-10 16:22:18,007][openretina.cli.train][INFO] - Instantiating callbacks...
[2025-06-10 16:22:18,012][openretina.cli.train][INFO] - Instantiating trainer <lightning.Trainer>
[2025-06-10 16:26:05,702][openretina.cli.train][INFO] - Starting testing!
[2025-06-10 16:26:05,702][openretina.cli.train][INFO] - Dataloader mapping: {'DataLoader 0': 'train', 'DataLoader 1': 'validation', 'DataLoader 2': 'test'}
