[2025-07-18 16:24:06,489][datajoint][INFO] - Connecting ssuhai@172.25.240.200:3306
[2025-07-18 16:24:06,549][datajoint][INFO] - Connected ssuhai@172.25.240.200:3306
[2025-07-18 16:24:13,944][datajoint][INFO] - Deleting 3 rows from `ageuler_ssuhai_closed_loop`.`__field__stack_averages`
[2025-07-18 16:24:14,020][datajoint][INFO] - Deleting 3 rows from `ageuler_ssuhai_closed_loop`.`__presentation__scan_info`
[2025-07-18 16:24:14,070][datajoint][INFO] - Deleting 9 rows from `ageuler_ssuhai_closed_loop`.`__presentation__stack_averages`
[2025-07-18 16:24:14,258][datajoint][INFO] - Deleting 89 rows from `ageuler_ssuhai_closed_loop`.`__celltype_assignment`
[2025-07-18 16:24:14,291][datajoint][INFO] - Deleting 89 rows from `ageuler_ssuhai_closed_loop`.`__baden16_traces`
[2025-07-18 16:24:14,346][datajoint][INFO] - Deleting 178 rows from `ageuler_ssuhai_closed_loop`.`__averages`
[2025-07-18 16:24:14,389][datajoint][INFO] - Deleting 89 rows from `ageuler_ssuhai_closed_loop`.`__chirp_q_i`
[2025-07-18 16:24:14,459][datajoint][INFO] - Deleting 89 rows from `ageuler_ssuhai_closed_loop`.`__os_ds_indexes`
[2025-07-18 16:24:14,497][datajoint][INFO] - Deleting 178 rows from `ageuler_ssuhai_closed_loop`.`__snippets`
[2025-07-18 16:24:14,541][datajoint][INFO] - Deleting 267 rows from `ageuler_ssuhai_closed_loop`.`__preprocess_traces`
[2025-07-18 16:24:14,584][datajoint][INFO] - Deleting 267 rows from `ageuler_ssuhai_closed_loop`.`__traces`
[2025-07-18 16:24:14,634][datajoint][INFO] - Deleting 3 rows from `ageuler_ssuhai_closed_loop`.`roi_mask__roi_mask_presentation`
[2025-07-18 16:24:14,719][datajoint][INFO] - Deleting 89 rows from `ageuler_ssuhai_closed_loop`.`__roi`
[2025-07-18 16:24:14,745][datajoint][INFO] - Deleting 1 rows from `ageuler_ssuhai_closed_loop`.`roi_mask`
[2025-07-18 16:24:14,771][datajoint][INFO] - Deleting 3 rows from `ageuler_ssuhai_closed_loop`.`__presentation`
[2025-07-18 16:24:14,820][datajoint][INFO] - Deleting 1 rows from `ageuler_ssuhai_closed_loop`.`__relative_field_location`
[2025-07-18 16:24:14,845][datajoint][INFO] - Deleting 1 rows from `ageuler_ssuhai_closed_loop`.`__field`
[2025-07-18 16:24:14,890][datajoint][INFO] - Deleting 1 rows from `ageuler_ssuhai_closed_loop`.`__optic_disk`
[2025-07-18 16:24:14,922][datajoint][INFO] - Deleting 1 rows from `ageuler_ssuhai_closed_loop`.`#raw_data_params`
[2025-07-18 16:24:14,987][datajoint][INFO] - Deleting 1 rows from `ageuler_ssuhai_closed_loop`.`__experiment__animal`
[2025-07-18 16:24:15,033][datajoint][INFO] - Deleting 1 rows from `ageuler_ssuhai_closed_loop`.`__experiment__exp_info`
[2025-07-18 16:24:15,080][datajoint][INFO] - Deleting 1 rows from `ageuler_ssuhai_closed_loop`.`__experiment__indicator`
[2025-07-18 16:24:15,126][datajoint][INFO] - Deleting 1 rows from `ageuler_ssuhai_closed_loop`.`__experiment__pharm_info`
[2025-07-18 16:24:15,150][datajoint][INFO] - Deleting 1 rows from `ageuler_ssuhai_closed_loop`.`__experiment`
[2025-07-18 16:24:15,175][datajoint][INFO] - Deleting 1 rows from `ageuler_ssuhai_closed_loop`.`user_info`
[2025-07-18 16:24:23,090][datajoint][WARNING] - Deletes cancelled
[2025-07-18 16:24:23,342][datajoint][INFO] - Deleting 1 rows from `ageuler_ssuhai_closed_loop`.`__experiment__animal`
[2025-07-18 16:24:23,390][datajoint][INFO] - Deleting 1 rows from `ageuler_ssuhai_closed_loop`.`__experiment__exp_info`
[2025-07-18 16:24:23,438][datajoint][INFO] - Deleting 1 rows from `ageuler_ssuhai_closed_loop`.`__experiment__indicator`
[2025-07-18 16:24:23,484][datajoint][INFO] - Deleting 1 rows from `ageuler_ssuhai_closed_loop`.`__experiment__pharm_info`
[2025-07-18 16:24:23,552][datajoint][INFO] - Deleting 3 rows from `ageuler_ssuhai_closed_loop`.`__field__stack_averages`
[2025-07-18 16:24:23,626][datajoint][INFO] - Deleting 3 rows from `ageuler_ssuhai_closed_loop`.`__presentation__scan_info`
[2025-07-18 16:24:23,674][datajoint][INFO] - Deleting 9 rows from `ageuler_ssuhai_closed_loop`.`__presentation__stack_averages`
[2025-07-18 16:24:23,854][datajoint][INFO] - Deleting 89 rows from `ageuler_ssuhai_closed_loop`.`__celltype_assignment`
[2025-07-18 16:24:23,887][datajoint][INFO] - Deleting 89 rows from `ageuler_ssuhai_closed_loop`.`__baden16_traces`
[2025-07-18 16:24:23,945][datajoint][INFO] - Deleting 178 rows from `ageuler_ssuhai_closed_loop`.`__averages`
[2025-07-18 16:24:23,994][datajoint][INFO] - Deleting 89 rows from `ageuler_ssuhai_closed_loop`.`__chirp_q_i`
[2025-07-18 16:24:24,062][datajoint][INFO] - Deleting 89 rows from `ageuler_ssuhai_closed_loop`.`__os_ds_indexes`
[2025-07-18 16:24:24,098][datajoint][INFO] - Deleting 178 rows from `ageuler_ssuhai_closed_loop`.`__snippets`
[2025-07-18 16:24:24,139][datajoint][INFO] - Deleting 267 rows from `ageuler_ssuhai_closed_loop`.`__preprocess_traces`
[2025-07-18 16:24:24,180][datajoint][INFO] - Deleting 267 rows from `ageuler_ssuhai_closed_loop`.`__traces`
[2025-07-18 16:24:24,227][datajoint][INFO] - Deleting 3 rows from `ageuler_ssuhai_closed_loop`.`roi_mask__roi_mask_presentation`
[2025-07-18 16:24:24,311][datajoint][INFO] - Deleting 89 rows from `ageuler_ssuhai_closed_loop`.`__roi`
[2025-07-18 16:24:24,336][datajoint][INFO] - Deleting 1 rows from `ageuler_ssuhai_closed_loop`.`roi_mask`
[2025-07-18 16:24:24,363][datajoint][INFO] - Deleting 3 rows from `ageuler_ssuhai_closed_loop`.`__presentation`
[2025-07-18 16:24:24,412][datajoint][INFO] - Deleting 1 rows from `ageuler_ssuhai_closed_loop`.`__relative_field_location`
[2025-07-18 16:24:24,437][datajoint][INFO] - Deleting 1 rows from `ageuler_ssuhai_closed_loop`.`__field`
[2025-07-18 16:24:24,482][datajoint][INFO] - Deleting 1 rows from `ageuler_ssuhai_closed_loop`.`__optic_disk`
[2025-07-18 16:24:24,507][datajoint][INFO] - Deleting 1 rows from `ageuler_ssuhai_closed_loop`.`__experiment`
[2025-07-18 16:24:25,644][datajoint][WARNING] - Deletes cancelled
[2025-07-18 16:24:25,892][datajoint][INFO] - Deleting 3 rows from `ageuler_ssuhai_closed_loop`.`__field__stack_averages`
[2025-07-18 16:24:25,963][datajoint][INFO] - Deleting 3 rows from `ageuler_ssuhai_closed_loop`.`__presentation__scan_info`
[2025-07-18 16:24:26,008][datajoint][INFO] - Deleting 9 rows from `ageuler_ssuhai_closed_loop`.`__presentation__stack_averages`
[2025-07-18 16:24:26,189][datajoint][INFO] - Deleting 89 rows from `ageuler_ssuhai_closed_loop`.`__celltype_assignment`
[2025-07-18 16:24:26,223][datajoint][INFO] - Deleting 89 rows from `ageuler_ssuhai_closed_loop`.`__baden16_traces`
[2025-07-18 16:24:26,279][datajoint][INFO] - Deleting 178 rows from `ageuler_ssuhai_closed_loop`.`__averages`
[2025-07-18 16:24:26,329][datajoint][INFO] - Deleting 89 rows from `ageuler_ssuhai_closed_loop`.`__chirp_q_i`
[2025-07-18 16:24:26,399][datajoint][INFO] - Deleting 89 rows from `ageuler_ssuhai_closed_loop`.`__os_ds_indexes`
[2025-07-18 16:24:26,438][datajoint][INFO] - Deleting 178 rows from `ageuler_ssuhai_closed_loop`.`__snippets`
[2025-07-18 16:24:26,479][datajoint][INFO] - Deleting 267 rows from `ageuler_ssuhai_closed_loop`.`__preprocess_traces`
[2025-07-18 16:24:26,521][datajoint][INFO] - Deleting 267 rows from `ageuler_ssuhai_closed_loop`.`__traces`
[2025-07-18 16:24:26,571][datajoint][INFO] - Deleting 3 rows from `ageuler_ssuhai_closed_loop`.`roi_mask__roi_mask_presentation`
[2025-07-18 16:24:26,656][datajoint][INFO] - Deleting 89 rows from `ageuler_ssuhai_closed_loop`.`__roi`
[2025-07-18 16:24:26,682][datajoint][INFO] - Deleting 1 rows from `ageuler_ssuhai_closed_loop`.`roi_mask`
[2025-07-18 16:24:26,709][datajoint][INFO] - Deleting 3 rows from `ageuler_ssuhai_closed_loop`.`__presentation`
[2025-07-18 16:24:26,759][datajoint][INFO] - Deleting 1 rows from `ageuler_ssuhai_closed_loop`.`__relative_field_location`
[2025-07-18 16:24:26,784][datajoint][INFO] - Deleting 1 rows from `ageuler_ssuhai_closed_loop`.`__field`
[2025-07-18 16:24:27,966][datajoint][WARNING] - Deletes cancelled
[2025-07-18 16:24:28,345][datajoint][INFO] - Deleting 89 rows from `ageuler_ssuhai_closed_loop`.`__celltype_assignment`
[2025-07-18 16:24:28,378][datajoint][INFO] - Deleting 89 rows from `ageuler_ssuhai_closed_loop`.`__baden16_traces`
[2025-07-18 16:24:28,435][datajoint][INFO] - Deleting 178 rows from `ageuler_ssuhai_closed_loop`.`__averages`
[2025-07-18 16:24:28,484][datajoint][INFO] - Deleting 89 rows from `ageuler_ssuhai_closed_loop`.`__chirp_q_i`
[2025-07-18 16:24:28,554][datajoint][INFO] - Deleting 89 rows from `ageuler_ssuhai_closed_loop`.`__os_ds_indexes`
[2025-07-18 16:24:28,593][datajoint][INFO] - Deleting 178 rows from `ageuler_ssuhai_closed_loop`.`__snippets`
[2025-07-18 16:24:28,636][datajoint][INFO] - Deleting 267 rows from `ageuler_ssuhai_closed_loop`.`__preprocess_traces`
[2025-07-18 16:24:28,667][datajoint][INFO] - Deleting 6 rows from `ageuler_ssuhai_closed_loop`.`#preprocess_params`
[2025-07-18 16:24:28,739][datajoint][INFO] - Deleting 3 rows from `ageuler_ssuhai_closed_loop`.`__presentation__scan_info`
[2025-07-18 16:24:28,788][datajoint][INFO] - Deleting 9 rows from `ageuler_ssuhai_closed_loop`.`__presentation__stack_averages`
[2025-07-18 16:24:28,855][datajoint][INFO] - Deleting 267 rows from `ageuler_ssuhai_closed_loop`.`__traces`
[2025-07-18 16:24:28,902][datajoint][INFO] - Deleting 3 rows from `ageuler_ssuhai_closed_loop`.`roi_mask__roi_mask_presentation`
[2025-07-18 16:24:28,983][datajoint][INFO] - Deleting 89 rows from `ageuler_ssuhai_closed_loop`.`__roi`
[2025-07-18 16:24:29,007][datajoint][INFO] - Deleting 1 rows from `ageuler_ssuhai_closed_loop`.`roi_mask`
[2025-07-18 16:24:29,033][datajoint][INFO] - Deleting 3 rows from `ageuler_ssuhai_closed_loop`.`__presentation`
[2025-07-18 16:24:29,077][datajoint][INFO] - Deleting 1 rows from `ageuler_ssuhai_closed_loop`.`#cascade_trace_params`
[2025-07-18 16:24:29,121][datajoint][INFO] - Deleting 1 rows from `ageuler_ssuhai_closed_loop`.`#d_noise_trace_params`
[2025-07-18 16:24:29,147][datajoint][INFO] - Deleting 6 rows from `ageuler_ssuhai_closed_loop`.`stimulus`
[2025-07-18 16:24:30,255][datajoint][WARNING] - Deletes cancelled
[2025-07-18 16:24:30,526][datajoint][INFO] - Deleting 3 rows from `ageuler_ssuhai_closed_loop`.`__field__stack_averages`
[2025-07-18 16:24:30,602][datajoint][INFO] - Deleting 3 rows from `ageuler_ssuhai_closed_loop`.`__presentation__scan_info`
[2025-07-18 16:24:30,651][datajoint][INFO] - Deleting 9 rows from `ageuler_ssuhai_closed_loop`.`__presentation__stack_averages`
[2025-07-18 16:24:30,834][datajoint][INFO] - Deleting 89 rows from `ageuler_ssuhai_closed_loop`.`__celltype_assignment`
[2025-07-18 16:24:30,867][datajoint][INFO] - Deleting 89 rows from `ageuler_ssuhai_closed_loop`.`__baden16_traces`
[2025-07-18 16:24:30,925][datajoint][INFO] - Deleting 178 rows from `ageuler_ssuhai_closed_loop`.`__averages`
[2025-07-18 16:24:30,972][datajoint][INFO] - Deleting 89 rows from `ageuler_ssuhai_closed_loop`.`__chirp_q_i`
[2025-07-18 16:24:31,041][datajoint][INFO] - Deleting 89 rows from `ageuler_ssuhai_closed_loop`.`__os_ds_indexes`
[2025-07-18 16:24:31,080][datajoint][INFO] - Deleting 178 rows from `ageuler_ssuhai_closed_loop`.`__snippets`
[2025-07-18 16:24:31,122][datajoint][INFO] - Deleting 267 rows from `ageuler_ssuhai_closed_loop`.`__preprocess_traces`
[2025-07-18 16:24:31,164][datajoint][INFO] - Deleting 267 rows from `ageuler_ssuhai_closed_loop`.`__traces`
[2025-07-18 16:24:31,212][datajoint][INFO] - Deleting 3 rows from `ageuler_ssuhai_closed_loop`.`roi_mask__roi_mask_presentation`
[2025-07-18 16:24:31,292][datajoint][INFO] - Deleting 89 rows from `ageuler_ssuhai_closed_loop`.`__roi`
[2025-07-18 16:24:31,316][datajoint][INFO] - Deleting 1 rows from `ageuler_ssuhai_closed_loop`.`roi_mask`
[2025-07-18 16:24:31,341][datajoint][INFO] - Deleting 3 rows from `ageuler_ssuhai_closed_loop`.`__presentation`
[2025-07-18 16:24:31,387][datajoint][INFO] - Deleting 1 rows from `ageuler_ssuhai_closed_loop`.`__relative_field_location`
[2025-07-18 16:24:31,412][datajoint][INFO] - Deleting 1 rows from `ageuler_ssuhai_closed_loop`.`__field`
[2025-07-18 16:24:31,454][datajoint][INFO] - Deleting 1 rows from `ageuler_ssuhai_closed_loop`.`__optic_disk`
[2025-07-18 16:24:31,485][datajoint][INFO] - Deleting 1 rows from `ageuler_ssuhai_closed_loop`.`#raw_data_params`
[2025-07-18 16:24:32,577][datajoint][WARNING] - Deletes cancelled
[2025-07-18 16:24:32,933][datajoint][INFO] - Deleting 89 rows from `ageuler_ssuhai_closed_loop`.`__celltype_assignment`
[2025-07-18 16:24:32,966][datajoint][INFO] - Deleting 89 rows from `ageuler_ssuhai_closed_loop`.`__baden16_traces`
[2025-07-18 16:24:33,023][datajoint][INFO] - Deleting 178 rows from `ageuler_ssuhai_closed_loop`.`__averages`
[2025-07-18 16:24:33,068][datajoint][INFO] - Deleting 89 rows from `ageuler_ssuhai_closed_loop`.`__chirp_q_i`
[2025-07-18 16:24:33,136][datajoint][INFO] - Deleting 89 rows from `ageuler_ssuhai_closed_loop`.`__os_ds_indexes`
[2025-07-18 16:24:33,173][datajoint][INFO] - Deleting 178 rows from `ageuler_ssuhai_closed_loop`.`__snippets`
[2025-07-18 16:24:33,213][datajoint][INFO] - Deleting 267 rows from `ageuler_ssuhai_closed_loop`.`__preprocess_traces`
[2025-07-18 16:24:33,243][datajoint][INFO] - Deleting 6 rows from `ageuler_ssuhai_closed_loop`.`#preprocess_params`
[2025-07-18 16:24:34,364][datajoint][WARNING] - Deletes cancelled
[2025-07-18 16:24:34,673][datajoint][INFO] - Deleting 89 rows from `ageuler_ssuhai_closed_loop`.`__celltype_assignment`
[2025-07-18 16:24:34,706][datajoint][INFO] - Deleting 89 rows from `ageuler_ssuhai_closed_loop`.`__baden16_traces`
[2025-07-18 16:24:34,762][datajoint][INFO] - Deleting 178 rows from `ageuler_ssuhai_closed_loop`.`__averages`
[2025-07-18 16:24:34,803][datajoint][INFO] - Deleting 89 rows from `ageuler_ssuhai_closed_loop`.`__chirp_q_i`
[2025-07-18 16:24:34,870][datajoint][INFO] - Deleting 89 rows from `ageuler_ssuhai_closed_loop`.`__os_ds_indexes`
[2025-07-18 16:24:34,905][datajoint][INFO] - Deleting 178 rows from `ageuler_ssuhai_closed_loop`.`__snippets`
[2025-07-18 16:24:36,036][datajoint][WARNING] - Deletes cancelled
[2025-07-18 16:24:36,340][datajoint][INFO] - Deleting 89 rows from `ageuler_ssuhai_closed_loop`.`__celltype_assignment`
[2025-07-18 16:24:36,373][datajoint][INFO] - Deleting 89 rows from `ageuler_ssuhai_closed_loop`.`__baden16_traces`
[2025-07-18 16:24:36,431][datajoint][INFO] - Deleting 178 rows from `ageuler_ssuhai_closed_loop`.`__averages`
[2025-07-18 16:24:37,567][datajoint][WARNING] - Deletes cancelled
[2025-07-18 16:24:37,799][datajoint][INFO] - Deleting 89 rows from `ageuler_ssuhai_closed_loop`.`__chirp_q_i`
[2025-07-18 16:24:38,896][datajoint][WARNING] - Deletes cancelled
[2025-07-18 16:24:39,231][datajoint][INFO] - Deleting 89 rows from `ageuler_ssuhai_closed_loop`.`__celltype_assignment`
[2025-07-18 16:24:39,289][datajoint][INFO] - Deleting 89 rows from `ageuler_ssuhai_closed_loop`.`__baden16_traces`
[2025-07-18 16:24:39,318][datajoint][INFO] - Deleting 89 rows from `ageuler_ssuhai_closed_loop`.`__os_ds_indexes`
[2025-07-18 16:24:40,401][datajoint][WARNING] - Deletes cancelled
[2025-07-18 16:24:40,678][datajoint][INFO] - Deleting 89 rows from `ageuler_ssuhai_closed_loop`.`__celltype_assignment`
[2025-07-18 16:24:40,707][datajoint][INFO] - Deleting 1 rows from `ageuler_ssuhai_closed_loop`.`__classifier`
[2025-07-18 16:24:40,732][datajoint][INFO] - Deleting 1 rows from `ageuler_ssuhai_closed_loop`.`#classifier_method`
[2025-07-18 16:24:41,856][datajoint][WARNING] - Deletes cancelled
[2025-07-18 16:24:42,130][datajoint][INFO] - Deleting 89 rows from `ageuler_ssuhai_closed_loop`.`__celltype_assignment`
[2025-07-18 16:24:42,156][datajoint][INFO] - Deleting 1 rows from `ageuler_ssuhai_closed_loop`.`__classifier`
[2025-07-18 16:24:42,181][datajoint][INFO] - Deleting 1 rows from `ageuler_ssuhai_closed_loop`.`classifier_training_data`
[2025-07-18 16:24:43,109][datajoint][WARNING] - Deletes cancelled
[2025-07-18 16:24:43,367][datajoint][INFO] - Deleting 89 rows from `ageuler_ssuhai_closed_loop`.`__celltype_assignment`
[2025-07-18 16:24:43,395][datajoint][INFO] - Deleting 1 rows from `ageuler_ssuhai_closed_loop`.`__classifier`
[2025-07-18 16:24:44,534][datajoint][WARNING] - Deletes cancelled
[2025-07-18 16:24:44,762][datajoint][INFO] - Deleting 1 rows from `ageuler_ssuhai_closed_loop`.`#cascade_trace_params`
[2025-07-18 16:24:46,014][datajoint][WARNING] - Deletes cancelled
[2025-07-18 16:24:46,242][datajoint][INFO] - Deleting 1 rows from `ageuler_ssuhai_closed_loop`.`#cascade_params`
[2025-07-18 16:24:49,137][datajoint][WARNING] - Deletes cancelled
[2025-07-18 16:24:49,393][datajoint][INFO] - Deleting 89 rows from `ageuler_ssuhai_closed_loop`.`__celltype_assignment`
[2025-07-18 16:24:49,424][datajoint][INFO] - Deleting 89 rows from `ageuler_ssuhai_closed_loop`.`__baden16_traces`
[2025-07-18 16:24:50,704][datajoint][WARNING] - Deletes cancelled
[2025-07-18 16:24:50,936][datajoint][INFO] - Deleting 89 rows from `ageuler_ssuhai_closed_loop`.`__celltype_assignment`
[2025-07-18 16:24:51,969][datajoint][WARNING] - Deletes cancelled
[2025-07-18 16:24:52,198][datajoint][INFO] - Deleting 1 rows from `ageuler_ssuhai_closed_loop`.`#d_noise_trace_params`
[2025-07-18 16:24:53,271][datajoint][WARNING] - Deletes cancelled
[2025-07-18 16:24:53,499][datajoint][INFO] - Deleting 1 rows from `ageuler_ssuhai_closed_loop`.`#s_t_a_params`
[2025-07-18 16:24:54,569][datajoint][WARNING] - Deletes cancelled
[2025-07-18 16:24:54,977][datajoint][INFO] - Deleting 89 rows from `ageuler_ssuhai_closed_loop`.`__celltype_assignment`
[2025-07-18 16:24:55,011][datajoint][INFO] - Deleting 89 rows from `ageuler_ssuhai_closed_loop`.`__baden16_traces`
[2025-07-18 16:24:55,067][datajoint][INFO] - Deleting 178 rows from `ageuler_ssuhai_closed_loop`.`__averages`
[2025-07-18 16:24:55,117][datajoint][INFO] - Deleting 89 rows from `ageuler_ssuhai_closed_loop`.`__chirp_q_i`
[2025-07-18 16:24:55,187][datajoint][INFO] - Deleting 89 rows from `ageuler_ssuhai_closed_loop`.`__os_ds_indexes`
[2025-07-18 16:24:55,224][datajoint][INFO] - Deleting 178 rows from `ageuler_ssuhai_closed_loop`.`__snippets`
[2025-07-18 16:24:55,266][datajoint][INFO] - Deleting 267 rows from `ageuler_ssuhai_closed_loop`.`__preprocess_traces`
[2025-07-18 16:24:55,308][datajoint][INFO] - Deleting 267 rows from `ageuler_ssuhai_closed_loop`.`__traces`
[2025-07-18 16:24:55,341][datajoint][INFO] - Deleting 89 rows from `ageuler_ssuhai_closed_loop`.`__roi`
[2025-07-18 16:24:55,391][datajoint][INFO] - Deleting 3 rows from `ageuler_ssuhai_closed_loop`.`roi_mask__roi_mask_presentation`
[2025-07-18 16:24:55,417][datajoint][INFO] - Deleting 1 rows from `ageuler_ssuhai_closed_loop`.`roi_mask`
[2025-07-18 16:24:57,691][datajoint][WARNING] - Deletes cancelled
[2025-07-18 16:24:58,078][datajoint][INFO] - Deleting 89 rows from `ageuler_ssuhai_closed_loop`.`__celltype_assignment`
[2025-07-18 16:24:58,112][datajoint][INFO] - Deleting 89 rows from `ageuler_ssuhai_closed_loop`.`__baden16_traces`
[2025-07-18 16:24:58,166][datajoint][INFO] - Deleting 178 rows from `ageuler_ssuhai_closed_loop`.`__averages`
[2025-07-18 16:24:58,212][datajoint][INFO] - Deleting 89 rows from `ageuler_ssuhai_closed_loop`.`__chirp_q_i`
[2025-07-18 16:24:58,278][datajoint][INFO] - Deleting 89 rows from `ageuler_ssuhai_closed_loop`.`__os_ds_indexes`
[2025-07-18 16:24:58,315][datajoint][INFO] - Deleting 178 rows from `ageuler_ssuhai_closed_loop`.`__snippets`
[2025-07-18 16:24:58,354][datajoint][INFO] - Deleting 267 rows from `ageuler_ssuhai_closed_loop`.`__preprocess_traces`
[2025-07-18 16:24:58,397][datajoint][INFO] - Deleting 267 rows from `ageuler_ssuhai_closed_loop`.`__traces`
[2025-07-18 16:24:58,432][datajoint][INFO] - Deleting 89 rows from `ageuler_ssuhai_closed_loop`.`__roi`
[2025-07-18 16:24:59,439][datajoint][WARNING] - Deletes cancelled
[2025-07-18 16:24:59,800][datajoint][INFO] - Deleting 89 rows from `ageuler_ssuhai_closed_loop`.`__celltype_assignment`
[2025-07-18 16:24:59,833][datajoint][INFO] - Deleting 89 rows from `ageuler_ssuhai_closed_loop`.`__baden16_traces`
[2025-07-18 16:24:59,889][datajoint][INFO] - Deleting 178 rows from `ageuler_ssuhai_closed_loop`.`__averages`
[2025-07-18 16:24:59,932][datajoint][INFO] - Deleting 89 rows from `ageuler_ssuhai_closed_loop`.`__chirp_q_i`
[2025-07-18 16:24:59,999][datajoint][INFO] - Deleting 89 rows from `ageuler_ssuhai_closed_loop`.`__os_ds_indexes`
[2025-07-18 16:25:00,034][datajoint][INFO] - Deleting 178 rows from `ageuler_ssuhai_closed_loop`.`__snippets`
[2025-07-18 16:25:00,075][datajoint][INFO] - Deleting 267 rows from `ageuler_ssuhai_closed_loop`.`__preprocess_traces`
[2025-07-18 16:25:00,117][datajoint][INFO] - Deleting 267 rows from `ageuler_ssuhai_closed_loop`.`__traces`
[2025-07-18 16:25:01,504][datajoint][WARNING] - Deletes cancelled
[2025-07-18 16:25:01,836][datajoint][INFO] - Deleting 89 rows from `ageuler_ssuhai_closed_loop`.`__celltype_assignment`
[2025-07-18 16:25:01,869][datajoint][INFO] - Deleting 89 rows from `ageuler_ssuhai_closed_loop`.`__baden16_traces`
[2025-07-18 16:25:01,923][datajoint][INFO] - Deleting 178 rows from `ageuler_ssuhai_closed_loop`.`__averages`
[2025-07-18 16:25:01,967][datajoint][INFO] - Deleting 89 rows from `ageuler_ssuhai_closed_loop`.`__chirp_q_i`
[2025-07-18 16:25:02,036][datajoint][INFO] - Deleting 89 rows from `ageuler_ssuhai_closed_loop`.`__os_ds_indexes`
[2025-07-18 16:25:02,075][datajoint][INFO] - Deleting 178 rows from `ageuler_ssuhai_closed_loop`.`__snippets`
[2025-07-18 16:25:02,115][datajoint][INFO] - Deleting 267 rows from `ageuler_ssuhai_closed_loop`.`__preprocess_traces`
[2025-07-18 16:25:04,115][datajoint][WARNING] - Deletes cancelled
[2025-07-18 16:25:04,368][datajoint][INFO] - Deleting 3 rows from `ageuler_ssuhai_closed_loop`.`__presentation__scan_info`
[2025-07-18 16:25:04,418][datajoint][INFO] - Deleting 9 rows from `ageuler_ssuhai_closed_loop`.`__presentation__stack_averages`
[2025-07-18 16:25:04,603][datajoint][INFO] - Deleting 89 rows from `ageuler_ssuhai_closed_loop`.`__celltype_assignment`
[2025-07-18 16:25:04,636][datajoint][INFO] - Deleting 89 rows from `ageuler_ssuhai_closed_loop`.`__baden16_traces`
[2025-07-18 16:25:04,693][datajoint][INFO] - Deleting 178 rows from `ageuler_ssuhai_closed_loop`.`__averages`
[2025-07-18 16:25:04,742][datajoint][INFO] - Deleting 89 rows from `ageuler_ssuhai_closed_loop`.`__chirp_q_i`
[2025-07-18 16:25:04,811][datajoint][INFO] - Deleting 89 rows from `ageuler_ssuhai_closed_loop`.`__os_ds_indexes`
[2025-07-18 16:25:04,849][datajoint][INFO] - Deleting 178 rows from `ageuler_ssuhai_closed_loop`.`__snippets`
[2025-07-18 16:25:04,892][datajoint][INFO] - Deleting 267 rows from `ageuler_ssuhai_closed_loop`.`__preprocess_traces`
[2025-07-18 16:25:04,935][datajoint][INFO] - Deleting 267 rows from `ageuler_ssuhai_closed_loop`.`__traces`
[2025-07-18 16:25:04,985][datajoint][INFO] - Deleting 3 rows from `ageuler_ssuhai_closed_loop`.`roi_mask__roi_mask_presentation`
[2025-07-18 16:25:05,068][datajoint][INFO] - Deleting 89 rows from `ageuler_ssuhai_closed_loop`.`__roi`
[2025-07-18 16:25:05,093][datajoint][INFO] - Deleting 1 rows from `ageuler_ssuhai_closed_loop`.`roi_mask`
[2025-07-18 16:25:05,118][datajoint][INFO] - Deleting 3 rows from `ageuler_ssuhai_closed_loop`.`__presentation`
[2025-07-18 16:25:06,294][datajoint][WARNING] - Deletes cancelled
[2025-07-18 16:25:06,522][datajoint][INFO] - Deleting 0 rows from `ageuler_ssuhai_closed_loop`.`__peak_s_t_a_position`
[2025-07-18 16:25:06,522][datajoint][WARNING] - Nothing to delete.
[2025-07-18 16:25:06,751][datajoint][INFO] - Deleting 0 rows from `ageuler_ssuhai_closed_loop`.`__d_noise_trace`
[2025-07-18 16:25:06,751][datajoint][WARNING] - Nothing to delete.
[2025-07-18 16:25:06,979][datajoint][INFO] - Deleting 0 rows from `ageuler_ssuhai_closed_loop`.`__s_t_a`
[2025-07-18 16:25:06,980][datajoint][WARNING] - Nothing to delete.
[2025-07-18 16:25:07,207][datajoint][INFO] - Deleting 0 rows from `ageuler_ssuhai_closed_loop`.`__cascade_traces`
[2025-07-18 16:25:07,207][datajoint][WARNING] - Nothing to delete.
[2025-07-18 16:25:07,435][datajoint][INFO] - Deleting 0 rows from `ageuler_ssuhai_closed_loop`.`__cascade_spikes`
[2025-07-18 16:25:07,436][datajoint][WARNING] - Nothing to delete.
[2025-07-18 16:25:07,664][datajoint][INFO] - Deleting 0 rows from `ageuler_ssuhai_closed_loop`.`open_retina_hoefling_format`
[2025-07-18 16:25:07,664][datajoint][WARNING] - Nothing to delete.
