[2025-06-03 10:14:04,463][datajoint][INFO] - Connecting ssuhai@172.25.240.200:3306
[2025-06-03 10:14:04,526][datajoint][INFO] - Connected ssuhai@172.25.240.200:3306
[2025-06-03 10:14:27,618][datajoint][INFO] - Deleting 3 rows from `ageuler_ssuhai_closed_loop`.`__field__stack_averages`
[2025-06-03 10:14:27,707][datajoint][INFO] - Deleting 4 rows from `ageuler_ssuhai_closed_loop`.`__presentation__scan_info`
[2025-06-03 10:14:27,764][datajoint][INFO] - Deleting 12 rows from `ageuler_ssuhai_closed_loop`.`__presentation__stack_averages`
[2025-06-03 10:14:27,900][datajoint][INFO] - Deleting 428 rows from `ageuler_ssuhai_closed_loop`.`__cascade_spikes`
[2025-06-03 10:14:27,956][datajoint][INFO] - Deleting 428 rows from `ageuler_ssuhai_closed_loop`.`__cascade_traces`
[2025-06-03 10:14:28,166][datajoint][INFO] - Deleting 107 rows from `ageuler_ssuhai_closed_loop`.`__celltype_assignment`
[2025-06-03 10:14:28,211][datajoint][INFO] - Deleting 107 rows from `ageuler_ssuhai_closed_loop`.`__baden16_traces`
[2025-06-03 10:14:28,281][datajoint][INFO] - Deleting 214 rows from `ageuler_ssuhai_closed_loop`.`__averages`
[2025-06-03 10:14:28,338][datajoint][INFO] - Deleting 107 rows from `ageuler_ssuhai_closed_loop`.`__chirp_q_i`
[2025-06-03 10:14:28,432][datajoint][INFO] - Deleting 107 rows from `ageuler_ssuhai_closed_loop`.`__os_ds_indexes`
[2025-06-03 10:14:28,482][datajoint][INFO] - Deleting 214 rows from `ageuler_ssuhai_closed_loop`.`__snippets`
[2025-06-03 10:14:28,542][datajoint][INFO] - Deleting 428 rows from `ageuler_ssuhai_closed_loop`.`__preprocess_traces`
[2025-06-03 10:14:28,601][datajoint][INFO] - Deleting 428 rows from `ageuler_ssuhai_closed_loop`.`__traces`
[2025-06-03 10:14:28,650][datajoint][INFO] - Deleting 4 rows from `ageuler_ssuhai_closed_loop`.`roi_mask__roi_mask_presentation`
[2025-06-03 10:14:28,758][datajoint][INFO] - Deleting 107 rows from `ageuler_ssuhai_closed_loop`.`__roi`
[2025-06-03 10:14:28,790][datajoint][INFO] - Deleting 1 rows from `ageuler_ssuhai_closed_loop`.`roi_mask`
[2025-06-03 10:14:28,826][datajoint][INFO] - Deleting 4 rows from `ageuler_ssuhai_closed_loop`.`__presentation`
[2025-06-03 10:14:28,859][datajoint][INFO] - Deleting 1 rows from `ageuler_ssuhai_closed_loop`.`__field`
[2025-06-03 10:14:28,902][datajoint][INFO] - Deleting 1 rows from `ageuler_ssuhai_closed_loop`.`#raw_data_params`
[2025-06-03 10:14:28,987][datajoint][INFO] - Deleting 1 rows from `ageuler_ssuhai_closed_loop`.`__experiment__animal`
[2025-06-03 10:14:29,048][datajoint][INFO] - Deleting 1 rows from `ageuler_ssuhai_closed_loop`.`__experiment__exp_info`
[2025-06-03 10:14:29,111][datajoint][INFO] - Deleting 1 rows from `ageuler_ssuhai_closed_loop`.`__experiment__indicator`
[2025-06-03 10:14:29,166][datajoint][INFO] - Deleting 1 rows from `ageuler_ssuhai_closed_loop`.`__experiment__pharm_info`
[2025-06-03 10:14:29,197][datajoint][INFO] - Deleting 1 rows from `ageuler_ssuhai_closed_loop`.`__experiment`
[2025-06-03 10:14:29,231][datajoint][INFO] - Deleting 1 rows from `ageuler_ssuhai_closed_loop`.`user_info`
[2025-06-03 10:14:33,151][datajoint][INFO] - Deletes committed.
[2025-06-03 10:14:34,189][datajoint][INFO] - Deleting 0 rows from `ageuler_ssuhai_closed_loop`.`__experiment`
[2025-06-03 10:14:34,190][datajoint][WARNING] - Nothing to delete.
[2025-06-03 10:14:35,231][datajoint][INFO] - Deleting 0 rows from `ageuler_ssuhai_closed_loop`.`__field`
[2025-06-03 10:14:35,232][datajoint][WARNING] - Nothing to delete.
[2025-06-03 10:14:36,295][datajoint][INFO] - Deleting 6 rows from `ageuler_ssuhai_closed_loop`.`#cascade_trace_params`
[2025-06-03 10:14:36,355][datajoint][INFO] - Deleting 6 rows from `ageuler_ssuhai_closed_loop`.`#preprocess_params`
[2025-06-03 10:14:36,390][datajoint][INFO] - Deleting 6 rows from `ageuler_ssuhai_closed_loop`.`stimulus`
[2025-06-03 10:14:40,032][datajoint][INFO] - Deletes committed.
[2025-06-03 10:14:41,070][datajoint][INFO] - Deleting 0 rows from `ageuler_ssuhai_closed_loop`.`#raw_data_params`
[2025-06-03 10:14:41,071][datajoint][WARNING] - Nothing to delete.
[2025-06-03 10:14:42,109][datajoint][INFO] - Deleting 0 rows from `ageuler_ssuhai_closed_loop`.`#preprocess_params`
[2025-06-03 10:14:42,110][datajoint][WARNING] - Nothing to delete.
[2025-06-03 10:14:43,149][datajoint][INFO] - Deleting 0 rows from `ageuler_ssuhai_closed_loop`.`__snippets`
[2025-06-03 10:14:43,149][datajoint][WARNING] - Nothing to delete.
[2025-06-03 10:14:44,188][datajoint][INFO] - Deleting 0 rows from `ageuler_ssuhai_closed_loop`.`__averages`
[2025-06-03 10:14:44,188][datajoint][WARNING] - Nothing to delete.
[2025-06-03 10:14:45,227][datajoint][INFO] - Deleting 0 rows from `ageuler_ssuhai_closed_loop`.`__chirp_q_i`
[2025-06-03 10:14:45,227][datajoint][WARNING] - Nothing to delete.
[2025-06-03 10:14:46,268][datajoint][INFO] - Deleting 0 rows from `ageuler_ssuhai_closed_loop`.`__os_ds_indexes`
[2025-06-03 10:14:46,268][datajoint][WARNING] - Nothing to delete.
[2025-06-03 10:14:47,331][datajoint][INFO] - Deleting 1 rows from `ageuler_ssuhai_closed_loop`.`__classifier`
[2025-06-03 10:14:47,364][datajoint][INFO] - Deleting 1 rows from `ageuler_ssuhai_closed_loop`.`#classifier_method`
[2025-06-03 10:14:50,635][datajoint][INFO] - Deletes committed.
[2025-06-03 10:14:51,673][datajoint][INFO] - Deleting 1 rows from `ageuler_ssuhai_closed_loop`.`classifier_training_data`
[2025-06-03 10:15:06,915][datajoint][INFO] - Deletes committed.
[2025-06-03 10:15:07,953][datajoint][INFO] - Deleting 0 rows from `ageuler_ssuhai_closed_loop`.`__classifier`
[2025-06-03 10:15:07,954][datajoint][WARNING] - Nothing to delete.
[2025-06-03 10:15:08,992][datajoint][INFO] - Deleting 0 rows from `ageuler_ssuhai_closed_loop`.`#cascade_trace_params`
[2025-06-03 10:15:08,993][datajoint][WARNING] - Nothing to delete.
[2025-06-03 10:15:10,033][datajoint][INFO] - Deleting 1 rows from `ageuler_ssuhai_closed_loop`.`#cascade_params`
[2025-06-03 10:15:13,091][datajoint][INFO] - Deletes committed.
[2025-06-03 10:15:14,128][datajoint][INFO] - Deleting 0 rows from `ageuler_ssuhai_closed_loop`.`__baden16_traces`
[2025-06-03 10:15:14,129][datajoint][WARNING] - Nothing to delete.
[2025-06-03 10:15:15,168][datajoint][INFO] - Deleting 0 rows from `ageuler_ssuhai_closed_loop`.`__celltype_assignment`
[2025-06-03 10:15:15,168][datajoint][WARNING] - Nothing to delete.
[2025-06-03 10:15:16,206][datajoint][INFO] - Deleting 0 rows from `ageuler_ssuhai_closed_loop`.`roi_mask`
[2025-06-03 10:15:16,206][datajoint][WARNING] - Nothing to delete.
[2025-06-03 10:15:17,247][datajoint][INFO] - Deleting 0 rows from `ageuler_ssuhai_closed_loop`.`__roi`
[2025-06-03 10:15:17,248][datajoint][WARNING] - Nothing to delete.
[2025-06-03 10:15:18,286][datajoint][INFO] - Deleting 0 rows from `ageuler_ssuhai_closed_loop`.`__traces`
[2025-06-03 10:15:18,287][datajoint][WARNING] - Nothing to delete.
[2025-06-03 10:15:19,325][datajoint][INFO] - Deleting 0 rows from `ageuler_ssuhai_closed_loop`.`__preprocess_traces`
[2025-06-03 10:15:19,326][datajoint][WARNING] - Nothing to delete.
[2025-06-03 10:15:20,365][datajoint][INFO] - Deleting 0 rows from `ageuler_ssuhai_closed_loop`.`__presentation`
[2025-06-03 10:15:20,365][datajoint][WARNING] - Nothing to delete.
[2025-06-03 10:15:21,405][datajoint][INFO] - Deleting 0 rows from `ageuler_ssuhai_closed_loop`.`__cascade_traces`
[2025-06-03 10:15:21,405][datajoint][WARNING] - Nothing to delete.
[2025-06-03 10:15:22,444][datajoint][INFO] - Deleting 0 rows from `ageuler_ssuhai_closed_loop`.`__cascade_spikes`
[2025-06-03 10:15:22,445][datajoint][WARNING] - Nothing to delete.
[2025-06-03 10:15:23,484][datajoint][INFO] - Deleting 0 rows from `ageuler_ssuhai_closed_loop`.`__open_retina_hoefling_format`
[2025-06-03 10:15:23,485][datajoint][WARNING] - Nothing to delete.
